  [1m[36m (6.1ms)[0m  [1mCREATE TABLE "schema_migrations" ("version" varchar NOT NULL) [0m
  [1m[35m (0.1ms)[0m  select sqlite_version(*)
  [1m[36m (1.7ms)[0m  [1mCREATE UNIQUE INDEX "unique_schema_migrations" ON "schema_migrations" ("version")[0m
  [1m[35mActiveRecord::SchemaMigration Load (0.1ms)[0m  SELECT "schema_migrations".* FROM "schema_migrations"
Migrating to CreateSearches (20160412234308)
  [1m[36m (0.1ms)[0m  [1mbegin transaction[0m
  [1m[35m (0.3ms)[0m  CREATE TABLE "searches" ("id" INTEGER PRIMARY KEY AUTOINCREMENT NOT NULL, "query_params" text, "user_id" integer, "user_type" varchar, "created_at" datetime NOT NULL, "updated_at" datetime NOT NULL) 
  [1m[36m (0.1ms)[0m  [1mCREATE  INDEX "index_searches_on_user_id" ON "searches" ("user_id")[0m
  [1m[35mSQL (0.1ms)[0m  INSERT INTO "schema_migrations" ("version") VALUES (?)  [["version", "20160412234308"]]
  [1m[36m (2.0ms)[0m  [1mcommit transaction[0m
Migrating to CreateBookmarks (20160412234309)
  [1m[35m (0.0ms)[0m  begin transaction
  [1m[36m (0.3ms)[0m  [1mCREATE TABLE "bookmarks" ("id" INTEGER PRIMARY KEY AUTOINCREMENT NOT NULL, "user_id" integer NOT NULL, "user_type" varchar, "document_id" varchar, "title" varchar, "created_at" datetime NOT NULL, "updated_at" datetime NOT NULL) [0m
  [1m[35mSQL (0.1ms)[0m  INSERT INTO "schema_migrations" ("version") VALUES (?)  [["version", "20160412234309"]]
  [1m[36m (1.8ms)[0m  [1mcommit transaction[0m
Migrating to AddPolymorphicTypeToBookmarks (20160412234310)
  [1m[35m (0.0ms)[0m  begin transaction
  [1m[36m (0.3ms)[0m  [1mALTER TABLE "bookmarks" ADD "document_type" varchar[0m
  [1m[35m (0.1ms)[0m  CREATE  INDEX "index_bookmarks_on_user_id" ON "bookmarks" ("user_id")
  [1m[36mSQL (0.1ms)[0m  [1mINSERT INTO "schema_migrations" ("version") VALUES (?)[0m  [["version", "20160412234310"]]
  [1m[35m (2.0ms)[0m  commit transaction
  [1m[36mActiveRecord::SchemaMigration Load (0.1ms)[0m  [1mSELECT "schema_migrations".* FROM "schema_migrations"[0m
  [1m[35m (0.2ms)[0m              SELECT sql
            FROM sqlite_master
            WHERE name='index_bookmarks_on_user_id' AND type='index'
            UNION ALL
            SELECT sql
            FROM sqlite_temp_master
            WHERE name='index_bookmarks_on_user_id' AND type='index'

  [1m[36m (0.1ms)[0m  [1m            SELECT sql
            FROM sqlite_master
            WHERE name='index_searches_on_user_id' AND type='index'
            UNION ALL
            SELECT sql
            FROM sqlite_temp_master
            WHERE name='index_searches_on_user_id' AND type='index'
[0m
  [1m[36mActiveRecord::SchemaMigration Load (0.1ms)[0m  [1mSELECT "schema_migrations".* FROM "schema_migrations"[0m
  [1m[36mActiveRecord::SchemaMigration Load (0.1ms)[0m  [1mSELECT "schema_migrations".* FROM "schema_migrations"[0m
  [1m[36mActiveRecord::SchemaMigration Load (0.1ms)[0m  [1mSELECT "schema_migrations".* FROM "schema_migrations"[0m
  [1m[36mActiveRecord::SchemaMigration Load (0.1ms)[0m  [1mSELECT "schema_migrations".* FROM "schema_migrations"[0m
  [1m[36mActiveRecord::SchemaMigration Load (0.1ms)[0m  [1mSELECT "schema_migrations".* FROM "schema_migrations"[0m


Started GET "/?f%5Bnum_label%5D%5B%5D=Byzantine+Numismatics" for ::1 at 2016-04-12 16:55:06 -0700
  [1m[36mActiveRecord::SchemaMigration Load (0.1ms)[0m  [1mSELECT "schema_migrations".* FROM "schema_migrations"[0m

ActionController::RoutingError (uninitialized constant SparqlDocument):
  app/controllers/catalog_controller.rb:14:in `block in <class:CatalogController>'
  app/controllers/catalog_controller.rb:6:in `<class:CatalogController>'
  app/controllers/catalog_controller.rb:2:in `<top (required)>'


  Rendered /Users/gregg/.rvm/gems/ruby-2.3.0/gems/actionpack-4.2.6/lib/action_dispatch/middleware/templates/rescues/_trace.html.erb (1.7ms)
  Rendered /Users/gregg/.rvm/gems/ruby-2.3.0/gems/actionpack-4.2.6/lib/action_dispatch/middleware/templates/routes/_route.html.erb (1.8ms)
  Rendered /Users/gregg/.rvm/gems/ruby-2.3.0/gems/actionpack-4.2.6/lib/action_dispatch/middleware/templates/routes/_route.html.erb (0.5ms)
  Rendered /Users/gregg/.rvm/gems/ruby-2.3.0/gems/actionpack-4.2.6/lib/action_dispatch/middleware/templates/routes/_table.html.erb (6.7ms)
  Rendered /Users/gregg/.rvm/gems/ruby-2.3.0/gems/actionpack-4.2.6/lib/action_dispatch/middleware/templates/rescues/_request_and_response.html.erb (9.5ms)
  Rendered /Users/gregg/.rvm/gems/ruby-2.3.0/gems/actionpack-4.2.6/lib/action_dispatch/middleware/templates/rescues/routing_error.html.erb within rescues/layout (119.7ms)
  Rendered /Users/gregg/.rvm/gems/ruby-2.3.0/gems/web-console-2.3.0/lib/web_console/templates/_markup.html.erb (0.3ms)
  Rendered /Users/gregg/.rvm/gems/ruby-2.3.0/gems/web-console-2.3.0/lib/web_console/templates/_inner_console_markup.html.erb within layouts/inlined_string (0.2ms)
  Rendered /Users/gregg/.rvm/gems/ruby-2.3.0/gems/web-console-2.3.0/lib/web_console/templates/_prompt_box_markup.html.erb within layouts/inlined_string (0.2ms)
  Rendered /Users/gregg/.rvm/gems/ruby-2.3.0/gems/web-console-2.3.0/lib/web_console/templates/style.css.erb within layouts/inlined_string (0.3ms)
  Rendered /Users/gregg/.rvm/gems/ruby-2.3.0/gems/web-console-2.3.0/lib/web_console/templates/console.js.erb within layouts/javascript (73.7ms)
  Rendered /Users/gregg/.rvm/gems/ruby-2.3.0/gems/web-console-2.3.0/lib/web_console/templates/main.js.erb within layouts/javascript (0.3ms)
  Rendered /Users/gregg/.rvm/gems/ruby-2.3.0/gems/web-console-2.3.0/lib/web_console/templates/error_page.js.erb within layouts/javascript (0.5ms)
  Rendered /Users/gregg/.rvm/gems/ruby-2.3.0/gems/web-console-2.3.0/lib/web_console/templates/index.html.erb (141.2ms)


Started GET "/?f%5Bnum_label%5D%5B%5D=Byzantine+Numismatics" for ::1 at 2016-04-12 16:57:58 -0700
  [1m[36mActiveRecord::SchemaMigration Load (0.1ms)[0m  [1mSELECT "schema_migrations".* FROM "schema_migrations"[0m
Processing by CatalogController#index as HTML
  Parameters: {"f"=>{"num_label"=>["Byzantine Numismatics"]}}
  [1m[35m (0.1ms)[0m  begin transaction
  [1m[36mSQL (0.4ms)[0m  [1mINSERT INTO "searches" ("query_params", "created_at", "updated_at") VALUES (?, ?, ?)[0m  [["query_params", "--- !ruby/hash:ActiveSupport::HashWithIndifferentAccess\nf: !ruby/hash:ActiveSupport::HashWithIndifferentAccess\n  num_label:\n  - Byzantine Numismatics\ncontroller: catalog\naction: index\n"], ["created_at", "2016-04-12 23:57:58.768265"], ["updated_at", "2016-04-12 23:57:58.768265"]]
  [1m[35m (1.7ms)[0m  commit transaction
SPARQL query:
PREFIX nmo: <http://nomisma.org/ontology#>
PREFIX skos: <http://www.w3.org/2004/02/skos/core#>
PREFIX dcterms: <http://purl.org/dc/terms/>


SELECT DISTINCT ?id

WHERE {
  ?id a nmo:Denomination .
  ?id skos:prefLabel ?lab .
  ?id skos:definition ?defn .
?id dcterms:isPartOf ?num .
?num a nmo:FieldOfNumismatics .
?num skos:prefLabel ?num_lab .
  FILTER(langMatches(LANG(?lab), "en"))
  FILTER(langMatches(LANG(?defn), "en"))
  FILTER(langMatches(LANG(?num_lab), "en"))
  FILTER(STR(?num_lab) = "Byzantine Numismatics")
}
LIMIT 10

SPARQL fetch (4190.5ms)
SPARQL query:
PREFIX nmo: <http://nomisma.org/ontology#>
PREFIX skos: <http://www.w3.org/2004/02/skos/core#>
PREFIX dcterms: <http://purl.org/dc/terms/>


CONSTRUCT {
  ?id a nmo:Denomination .
  ?id skos:prefLabel ?lab .
  ?id skos:definition ?defn .
?id dcterms:isPartOf ?num .
?num a nmo:FieldOfNumismatics .
?num skos:prefLabel ?num_lab .
}

WHERE {
  ?id a nmo:Denomination .
  ?id skos:prefLabel ?lab .
  ?id skos:definition ?defn .
?id dcterms:isPartOf ?num .
?num a nmo:FieldOfNumismatics .
?num skos:prefLabel ?num_lab .
  FILTER(langMatches(LANG(?lab), "en"))
  FILTER(langMatches(LANG(?defn), "en"))
  FILTER(langMatches(LANG(?num_lab), "en"))
  FILTER(STR(?num_lab) = "Byzantine Numismatics")
  FILTER(?id IN(<http://nomisma.org/id/tremissis>,<http://nomisma.org/id/solidus>,<http://nomisma.org/id/multiple-silver>,<http://nomisma.org/id/multiple-gold>,<http://nomisma.org/id/follis>))
}

SPARQL fetch (4165.1ms)
SPARQL query:
PREFIX nmo: <http://nomisma.org/ontology#>
PREFIX skos: <http://www.w3.org/2004/02/skos/core#>
PREFIX dcterms: <http://purl.org/dc/terms/>


SELECT ?num_lab (COUNT(DISTINCT ?id) as ?__count__)
WHERE {
  ?id a nmo:Denomination .
  ?id skos:prefLabel ?lab .
  ?id skos:definition ?defn .
?id dcterms:isPartOf ?num .
?num a nmo:FieldOfNumismatics .
?num skos:prefLabel ?num_lab .
  FILTER(langMatches(LANG(?lab), "en"))
  FILTER(langMatches(LANG(?defn), "en"))
  FILTER(langMatches(LANG(?num_lab), "en"))
  FILTER(STR(?num_lab) = "Byzantine Numismatics")
}
GROUP BY ?num_lab
ORDER BY ?num_lab

SPARQL fetch (4161.9ms)
Framed JSON_LD: [
  {
    "@id": "http://nomisma.org/id/follis",
    "@type": "nmo:Denomination",
    "dcterms:isPartOf": {
      "@id": "http://nomisma.org/id/byzantine_numismatics",
      "@type": "nmo:FieldOfNumismatics",
      "skos:prefLabel": "Byzantine Numismatics"
    },
    "skos:definition": "Numismatic term for bronze coin worth 40 nummi. Can be use for other low value late Roman coins. The terms is falling out of favor.",
    "skos:prefLabel": "Follis"
  },
  {
    "@id": "http://nomisma.org/id/multiple-gold",
    "@type": "nmo:Denomination",
    "dcterms:isPartOf": {
      "@id": "http://nomisma.org/id/byzantine_numismatics",
      "@type": "nmo:FieldOfNumismatics",
      "skos:prefLabel": "Byzantine Numismatics"
    },
    "skos:definition": "Undefined multiple unit of a standard gold denomination",
    "skos:prefLabel": "Gold multiple"
  },
  {
    "@id": "http://nomisma.org/id/multiple-silver",
    "@type": "nmo:Denomination",
    "dcterms:isPartOf": {
      "@id": "http://nomisma.org/id/byzantine_numismatics",
      "@type": "nmo:FieldOfNumismatics",
      "skos:prefLabel": "Byzantine Numismatics"
    },
    "skos:definition": "Undefined multiple unit of a standard silver denomination",
    "skos:prefLabel": "Silver Multiple"
  },
  {
    "@id": "http://nomisma.org/id/solidus",
    "@type": "nmo:Denomination",
    "dcterms:isPartOf": {
      "@id": "http://nomisma.org/id/byzantine_numismatics",
      "@type": "nmo:FieldOfNumismatics",
      "skos:prefLabel": "Byzantine Numismatics"
    },
    "skos:definition": "The standard late Roman and early/middle Byzantine gold denomination, introduced by Constantine the Great.",
    "skos:prefLabel": "Solidus"
  },
  {
    "@id": "http://nomisma.org/id/tremissis",
    "@type": "nmo:Denomination",
    "dcterms:isPartOf": {
      "@id": "http://nomisma.org/id/byzantine_numismatics",
      "@type": "nmo:FieldOfNumismatics",
      "skos:prefLabel": "Byzantine Numismatics"
    },
    "skos:definition": "Gold coin valued as 1/3 solidus",
    "skos:prefLabel": "Tremissis"
  }
]
  Rendered /Users/gregg/.rvm/gems/ruby-2.3.0/gems/blacklight-6.1.0/app/views/catalog/_facet_limit.html.erb (102.7ms)
  Rendered /Users/gregg/.rvm/gems/ruby-2.3.0/gems/blacklight-6.1.0/app/views/catalog/_facets.html.erb (126.7ms)
  Rendered /Users/gregg/.rvm/gems/ruby-2.3.0/gems/blacklight-6.1.0/app/views/catalog/_search_sidebar.html.erb (129.0ms)
  Rendered /Users/gregg/.rvm/gems/ruby-2.3.0/gems/blacklight-6.1.0/app/views/catalog/_opensearch_response_metadata.html.erb (0.5ms)
  Rendered /Users/gregg/.rvm/gems/ruby-2.3.0/gems/blacklight-6.1.0/app/views/catalog/_did_you_mean.html.erb (0.4ms)
  Rendered /Users/gregg/.rvm/gems/ruby-2.3.0/gems/blacklight-6.1.0/app/views/catalog/_constraints_element.html.erb (0.9ms)
  Rendered /Users/gregg/.rvm/gems/ruby-2.3.0/gems/blacklight-6.1.0/app/views/catalog/_constraints.html.erb (5.3ms)
  Rendered /Users/gregg/.rvm/gems/ruby-2.3.0/gems/blacklight-6.1.0/app/views/catalog/_paginate_compact.html.erb (4.1ms)
  Rendered /Users/gregg/.rvm/gems/ruby-2.3.0/gems/blacklight-6.1.0/app/views/catalog/_sort_widget.html.erb (1.2ms)
  Rendered /Users/gregg/.rvm/gems/ruby-2.3.0/gems/blacklight-6.1.0/app/views/catalog/_per_page_widget.html.erb (2.5ms)
  Rendered /Users/gregg/.rvm/gems/ruby-2.3.0/gems/blacklight-6.1.0/app/views/catalog/_view_type_group.html.erb (0.8ms)
  Rendered /Users/gregg/.rvm/gems/ruby-2.3.0/gems/blacklight-6.1.0/app/views/catalog/_sort_and_per_page.html.erb (19.1ms)
  Rendered /Users/gregg/.rvm/gems/ruby-2.3.0/gems/blacklight-6.1.0/app/views/catalog/_search_header.html.erb (31.6ms)
Looking for document index partial document_list
Looking for document partial index_header_list_default
Looking for document partial index_header_list_default
Looking for document partial index_header_default
  Rendered /Users/gregg/.rvm/gems/ruby-2.3.0/gems/blacklight-6.1.0/app/views/catalog/_document.html.erb (84.6ms)
  Rendered /Users/gregg/.rvm/gems/ruby-2.3.0/gems/blacklight-6.1.0/app/views/catalog/_search_results.html.erb (129.4ms)
  Rendered /Users/gregg/.rvm/gems/ruby-2.3.0/gems/blacklight-6.1.0/app/views/catalog/index.html.erb within layouts/blacklight (266.3ms)
Completed 500 Internal Server Error in 17423ms (ActiveRecord: 2.4ms)

ActionView::Template::Error (undefined method `sparql_document_path' for #<#<Class:0x007ffb1b533108>:0x007ffb1b528190>
Did you mean?  solr_document_path):
    15:         <%= t('blacklight.search.documents.counter', counter: counter) %>
    16:       </span>
    17:     <% end %>
    18:     <%= link_to_document document, document_show_link_field(document), counter: counter %>
    19:   </h3>
    20: 
    21:   <%= document_actions %>
  actionpack (4.2.6) lib/action_dispatch/routing/polymorphic_routes.rb:268:in `handle_model_call'
  actionview (4.2.6) lib/action_view/routing_url_for.rb:114:in `url_for'
  turbolinks (2.5.3) lib/turbolinks/xhr_url_for.rb:12:in `url_for_with_xhr_referer'
  actionview (4.2.6) lib/action_view/helpers/url_helper.rb:181:in `link_to'
  blacklight (6.1.0) app/helpers/blacklight/url_helper_behavior.rb:28:in `link_to_document'
  blacklight (6.1.0) app/views/catalog/_index_header_default.html.erb:18:in `___sers_gregg__rvm_gems_ruby_______gems_blacklight_______app_views_catalog__index_header_default_html_erb__3577019392451836091_70358307621200'
  actionview (4.2.6) lib/action_view/template.rb:145:in `block in render'
  activesupport (4.2.6) lib/active_support/notifications.rb:166:in `instrument'
  actionview (4.2.6) lib/action_view/template.rb:333:in `instrument'
  actionview (4.2.6) lib/action_view/template.rb:143:in `render'
  blacklight (6.1.0) app/helpers/blacklight/render_partials_helper.rb:50:in `render_document_partial'
  blacklight (6.1.0) app/helpers/blacklight/render_partials_helper.rb:26:in `block in render_document_partials'
  blacklight (6.1.0) app/helpers/blacklight/render_partials_helper.rb:25:in `map'
  blacklight (6.1.0) app/helpers/blacklight/render_partials_helper.rb:25:in `render_document_partials'
  blacklight (6.1.0) app/views/catalog/_document.html.erb:3:in `___sers_gregg__rvm_gems_ruby_______gems_blacklight_______app_views_catalog__document_html_erb__4493565497525258226_70358308113540'
  actionview (4.2.6) lib/action_view/template.rb:145:in `block in render'
  activesupport (4.2.6) lib/active_support/notifications.rb:166:in `instrument'
  actionview (4.2.6) lib/action_view/template.rb:333:in `instrument'
  actionview (4.2.6) lib/action_view/template.rb:143:in `render'
  actionview (4.2.6) lib/action_view/renderer/partial_renderer.rb:436:in `block in collection_with_template'
  actionview (4.2.6) lib/action_view/renderer/partial_renderer.rb:432:in `map'
  actionview (4.2.6) lib/action_view/renderer/partial_renderer.rb:432:in `collection_with_template'
  actionview (4.2.6) lib/action_view/renderer/partial_renderer.rb:324:in `render_collection'
  actionview (4.2.6) lib/action_view/renderer/partial_renderer.rb:306:in `block in render'
  actionview (4.2.6) lib/action_view/renderer/abstract_renderer.rb:39:in `block in instrument'
  activesupport (4.2.6) lib/active_support/notifications.rb:164:in `block in instrument'
  activesupport (4.2.6) lib/active_support/notifications/instrumenter.rb:20:in `instrument'
  activesupport (4.2.6) lib/active_support/notifications.rb:164:in `instrument'
  actionview (4.2.6) lib/action_view/renderer/abstract_renderer.rb:39:in `instrument'
  actionview (4.2.6) lib/action_view/renderer/partial_renderer.rb:305:in `render'
  actionview (4.2.6) lib/action_view/renderer/renderer.rb:51:in `render_partial'
  actionview (4.2.6) lib/action_view/helpers/rendering_helper.rb:35:in `render'
  blacklight (6.1.0) app/views/catalog/_document_list.html.erb:3:in `___sers_gregg__rvm_gems_ruby_______gems_blacklight_______app_views_catalog__document_list_html_erb__3602446229773834335_70358308228920'
  actionview (4.2.6) lib/action_view/template.rb:145:in `block in render'
  activesupport (4.2.6) lib/active_support/notifications.rb:166:in `instrument'
  actionview (4.2.6) lib/action_view/template.rb:333:in `instrument'
  actionview (4.2.6) lib/action_view/template.rb:143:in `render'
  blacklight (6.1.0) app/helpers/blacklight/render_partials_helper.rb:75:in `render_document_index_with_view'
  blacklight (6.1.0) app/helpers/blacklight/render_partials_helper.rb:11:in `render_document_index'
  blacklight (6.1.0) app/views/catalog/_search_results.html.erb:20:in `___sers_gregg__rvm_gems_ruby_______gems_blacklight_______app_views_catalog__search_results_html_erb__155426288100905985_70358308687560'
  actionview (4.2.6) lib/action_view/template.rb:145:in `block in render'
  activesupport (4.2.6) lib/active_support/notifications.rb:166:in `instrument'
  actionview (4.2.6) lib/action_view/template.rb:333:in `instrument'
  actionview (4.2.6) lib/action_view/template.rb:143:in `render'
  actionview (4.2.6) lib/action_view/renderer/partial_renderer.rb:339:in `render_partial'
  actionview (4.2.6) lib/action_view/renderer/partial_renderer.rb:310:in `block in render'
  actionview (4.2.6) lib/action_view/renderer/abstract_renderer.rb:39:in `block in instrument'
  activesupport (4.2.6) lib/active_support/notifications.rb:164:in `block in instrument'
  activesupport (4.2.6) lib/active_support/notifications/instrumenter.rb:20:in `instrument'
  activesupport (4.2.6) lib/active_support/notifications.rb:164:in `instrument'
  actionview (4.2.6) lib/action_view/renderer/abstract_renderer.rb:39:in `instrument'
  actionview (4.2.6) lib/action_view/renderer/partial_renderer.rb:309:in `render'
  actionview (4.2.6) lib/action_view/renderer/renderer.rb:51:in `render_partial'
  actionview (4.2.6) lib/action_view/helpers/rendering_helper.rb:35:in `render'
  blacklight (6.1.0) app/views/catalog/index.html.erb:11:in `___sers_gregg__rvm_gems_ruby_______gems_blacklight_______app_views_catalog_index_html_erb___3989253667441481077_70358270084840'
  actionview (4.2.6) lib/action_view/template.rb:145:in `block in render'
  activesupport (4.2.6) lib/active_support/notifications.rb:166:in `instrument'
  actionview (4.2.6) lib/action_view/template.rb:333:in `instrument'
  actionview (4.2.6) lib/action_view/template.rb:143:in `render'
  actionview (4.2.6) lib/action_view/renderer/template_renderer.rb:54:in `block (2 levels) in render_template'
  actionview (4.2.6) lib/action_view/renderer/abstract_renderer.rb:39:in `block in instrument'
  activesupport (4.2.6) lib/active_support/notifications.rb:164:in `block in instrument'
  activesupport (4.2.6) lib/active_support/notifications/instrumenter.rb:20:in `instrument'
  activesupport (4.2.6) lib/active_support/notifications.rb:164:in `instrument'
  actionview (4.2.6) lib/action_view/renderer/abstract_renderer.rb:39:in `instrument'
  actionview (4.2.6) lib/action_view/renderer/template_renderer.rb:53:in `block in render_template'
  actionview (4.2.6) lib/action_view/renderer/template_renderer.rb:61:in `render_with_layout'
  actionview (4.2.6) lib/action_view/renderer/template_renderer.rb:52:in `render_template'
  actionview (4.2.6) lib/action_view/renderer/template_renderer.rb:14:in `render'
  actionview (4.2.6) lib/action_view/renderer/renderer.rb:46:in `render_template'
  actionview (4.2.6) lib/action_view/renderer/renderer.rb:27:in `render'
  actionview (4.2.6) lib/action_view/rendering.rb:100:in `_render_template'
  actionpack (4.2.6) lib/action_controller/metal/streaming.rb:217:in `_render_template'
  actionview (4.2.6) lib/action_view/rendering.rb:83:in `render_to_body'
  actionpack (4.2.6) lib/action_controller/metal/rendering.rb:32:in `render_to_body'
  actionpack (4.2.6) lib/action_controller/metal/renderers.rb:37:in `render_to_body'
  actionpack (4.2.6) lib/abstract_controller/rendering.rb:25:in `render'
  actionpack (4.2.6) lib/action_controller/metal/rendering.rb:16:in `render'
  actionpack (4.2.6) lib/action_controller/metal/instrumentation.rb:44:in `block (2 levels) in render'
  activesupport (4.2.6) lib/active_support/core_ext/benchmark.rb:12:in `block in ms'
  /Users/gregg/.rvm/rubies/ruby-2.3.0/lib/ruby/2.3.0/benchmark.rb:308:in `realtime'
  activesupport (4.2.6) lib/active_support/core_ext/benchmark.rb:12:in `ms'
  actionpack (4.2.6) lib/action_controller/metal/instrumentation.rb:44:in `block in render'
  actionpack (4.2.6) lib/action_controller/metal/instrumentation.rb:87:in `cleanup_view_runtime'
  activerecord (4.2.6) lib/active_record/railties/controller_runtime.rb:25:in `cleanup_view_runtime'
  actionpack (4.2.6) lib/action_controller/metal/instrumentation.rb:43:in `render'
  actionpack (4.2.6) lib/action_controller/metal/implicit_render.rb:10:in `default_render'
  actionpack (4.2.6) lib/action_controller/metal/implicit_render.rb:5:in `send_action'
  actionpack (4.2.6) lib/abstract_controller/base.rb:198:in `process_action'
  actionpack (4.2.6) lib/action_controller/metal/rendering.rb:10:in `process_action'
  actionpack (4.2.6) lib/abstract_controller/callbacks.rb:20:in `block in process_action'
  activesupport (4.2.6) lib/active_support/callbacks.rb:117:in `call'
  activesupport (4.2.6) lib/active_support/callbacks.rb:555:in `block (2 levels) in compile'
  activesupport (4.2.6) lib/active_support/callbacks.rb:505:in `call'
  activesupport (4.2.6) lib/active_support/callbacks.rb:92:in `__run_callbacks__'
  activesupport (4.2.6) lib/active_support/callbacks.rb:778:in `_run_process_action_callbacks'
  activesupport (4.2.6) lib/active_support/callbacks.rb:81:in `run_callbacks'
  actionpack (4.2.6) lib/abstract_controller/callbacks.rb:19:in `process_action'
  actionpack (4.2.6) lib/action_controller/metal/rescue.rb:29:in `process_action'
  actionpack (4.2.6) lib/action_controller/metal/instrumentation.rb:32:in `block in process_action'
  activesupport (4.2.6) lib/active_support/notifications.rb:164:in `block in instrument'
  activesupport (4.2.6) lib/active_support/notifications/instrumenter.rb:20:in `instrument'
  activesupport (4.2.6) lib/active_support/notifications.rb:164:in `instrument'
  actionpack (4.2.6) lib/action_controller/metal/instrumentation.rb:30:in `process_action'
  actionpack (4.2.6) lib/action_controller/metal/params_wrapper.rb:250:in `process_action'
  activerecord (4.2.6) lib/active_record/railties/controller_runtime.rb:18:in `process_action'
  actionpack (4.2.6) lib/abstract_controller/base.rb:137:in `process'
  actionview (4.2.6) lib/action_view/rendering.rb:30:in `process'
  actionpack (4.2.6) lib/action_controller/metal.rb:196:in `dispatch'
  actionpack (4.2.6) lib/action_controller/metal/rack_delegation.rb:13:in `dispatch'
  actionpack (4.2.6) lib/action_controller/metal.rb:237:in `block in action'
  actionpack (4.2.6) lib/action_dispatch/routing/route_set.rb:74:in `dispatch'
  actionpack (4.2.6) lib/action_dispatch/routing/route_set.rb:43:in `serve'
  actionpack (4.2.6) lib/action_dispatch/journey/router.rb:43:in `block in serve'
  actionpack (4.2.6) lib/action_dispatch/journey/router.rb:30:in `each'
  actionpack (4.2.6) lib/action_dispatch/journey/router.rb:30:in `serve'
  actionpack (4.2.6) lib/action_dispatch/routing/route_set.rb:817:in `call'
  rack (1.6.4) lib/rack/etag.rb:24:in `call'
  rack (1.6.4) lib/rack/conditionalget.rb:25:in `call'
  rack (1.6.4) lib/rack/head.rb:13:in `call'
  actionpack (4.2.6) lib/action_dispatch/middleware/params_parser.rb:27:in `call'
  actionpack (4.2.6) lib/action_dispatch/middleware/flash.rb:260:in `call'
  rack (1.6.4) lib/rack/session/abstract/id.rb:225:in `context'
  rack (1.6.4) lib/rack/session/abstract/id.rb:220:in `call'
  actionpack (4.2.6) lib/action_dispatch/middleware/cookies.rb:560:in `call'
  activerecord (4.2.6) lib/active_record/query_cache.rb:36:in `call'
  activerecord (4.2.6) lib/active_record/connection_adapters/abstract/connection_pool.rb:653:in `call'
  activerecord (4.2.6) lib/active_record/migration.rb:377:in `call'
  actionpack (4.2.6) lib/action_dispatch/middleware/callbacks.rb:29:in `block in call'
  activesupport (4.2.6) lib/active_support/callbacks.rb:88:in `__run_callbacks__'
  activesupport (4.2.6) lib/active_support/callbacks.rb:778:in `_run_call_callbacks'
  activesupport (4.2.6) lib/active_support/callbacks.rb:81:in `run_callbacks'
  actionpack (4.2.6) lib/action_dispatch/middleware/callbacks.rb:27:in `call'
  actionpack (4.2.6) lib/action_dispatch/middleware/reloader.rb:73:in `call'
  actionpack (4.2.6) lib/action_dispatch/middleware/remote_ip.rb:78:in `call'
  actionpack (4.2.6) lib/action_dispatch/middleware/debug_exceptions.rb:17:in `call'
  web-console (2.3.0) lib/web_console/middleware.rb:28:in `block in call'
  web-console (2.3.0) lib/web_console/middleware.rb:18:in `catch'
  web-console (2.3.0) lib/web_console/middleware.rb:18:in `call'
  actionpack (4.2.6) lib/action_dispatch/middleware/show_exceptions.rb:30:in `call'
  railties (4.2.6) lib/rails/rack/logger.rb:38:in `call_app'
  railties (4.2.6) lib/rails/rack/logger.rb:20:in `block in call'
  activesupport (4.2.6) lib/active_support/tagged_logging.rb:68:in `block in tagged'
  activesupport (4.2.6) lib/active_support/tagged_logging.rb:26:in `tagged'
  activesupport (4.2.6) lib/active_support/tagged_logging.rb:68:in `tagged'
  railties (4.2.6) lib/rails/rack/logger.rb:20:in `call'
  actionpack (4.2.6) lib/action_dispatch/middleware/request_id.rb:21:in `call'
  rack (1.6.4) lib/rack/methodoverride.rb:22:in `call'
  rack (1.6.4) lib/rack/runtime.rb:18:in `call'
  activesupport (4.2.6) lib/active_support/cache/strategy/local_cache_middleware.rb:28:in `call'
  rack (1.6.4) lib/rack/lock.rb:17:in `call'
  actionpack (4.2.6) lib/action_dispatch/middleware/static.rb:120:in `call'
  rack (1.6.4) lib/rack/sendfile.rb:113:in `call'
  railties (4.2.6) lib/rails/engine.rb:518:in `call'
  railties (4.2.6) lib/rails/application.rb:165:in `call'
  rack (1.6.4) lib/rack/lock.rb:17:in `call'
  rack (1.6.4) lib/rack/content_length.rb:15:in `call'
  rack (1.6.4) lib/rack/handler/webrick.rb:88:in `service'
  /Users/gregg/.rvm/rubies/ruby-2.3.0/lib/ruby/2.3.0/webrick/httpserver.rb:140:in `service'
  /Users/gregg/.rvm/rubies/ruby-2.3.0/lib/ruby/2.3.0/webrick/httpserver.rb:96:in `run'
  /Users/gregg/.rvm/rubies/ruby-2.3.0/lib/ruby/2.3.0/webrick/server.rb:296:in `block in start_thread'


  Rendered /Users/gregg/.rvm/gems/ruby-2.3.0/gems/actionpack-4.2.6/lib/action_dispatch/middleware/templates/rescues/_source.erb (10.2ms)
  Rendered /Users/gregg/.rvm/gems/ruby-2.3.0/gems/actionpack-4.2.6/lib/action_dispatch/middleware/templates/rescues/_trace.html.erb (3.7ms)
  Rendered /Users/gregg/.rvm/gems/ruby-2.3.0/gems/actionpack-4.2.6/lib/action_dispatch/middleware/templates/rescues/_request_and_response.html.erb (0.9ms)
  Rendered /Users/gregg/.rvm/gems/ruby-2.3.0/gems/actionpack-4.2.6/lib/action_dispatch/middleware/templates/rescues/template_error.html.erb within rescues/layout (67.9ms)
  Rendered /Users/gregg/.rvm/gems/ruby-2.3.0/gems/web-console-2.3.0/lib/web_console/templates/_markup.html.erb (0.3ms)
  Rendered /Users/gregg/.rvm/gems/ruby-2.3.0/gems/web-console-2.3.0/lib/web_console/templates/_inner_console_markup.html.erb within layouts/inlined_string (0.2ms)
  Rendered /Users/gregg/.rvm/gems/ruby-2.3.0/gems/web-console-2.3.0/lib/web_console/templates/_prompt_box_markup.html.erb within layouts/inlined_string (0.2ms)
  Rendered /Users/gregg/.rvm/gems/ruby-2.3.0/gems/web-console-2.3.0/lib/web_console/templates/style.css.erb within layouts/inlined_string (0.3ms)
  Rendered /Users/gregg/.rvm/gems/ruby-2.3.0/gems/web-console-2.3.0/lib/web_console/templates/console.js.erb within layouts/javascript (48.7ms)
  Rendered /Users/gregg/.rvm/gems/ruby-2.3.0/gems/web-console-2.3.0/lib/web_console/templates/main.js.erb within layouts/javascript (0.4ms)
  Rendered /Users/gregg/.rvm/gems/ruby-2.3.0/gems/web-console-2.3.0/lib/web_console/templates/error_page.js.erb within layouts/javascript (0.3ms)
  Rendered /Users/gregg/.rvm/gems/ruby-2.3.0/gems/web-console-2.3.0/lib/web_console/templates/index.html.erb (109.8ms)


Started GET "/?f%5Bnum_label%5D%5B%5D=Byzantine+Numismatics" for ::1 at 2016-04-12 17:04:15 -0700
  [1m[36mActiveRecord::SchemaMigration Load (0.1ms)[0m  [1mSELECT "schema_migrations".* FROM "schema_migrations"[0m
Processing by CatalogController#index as HTML
  Parameters: {"f"=>{"num_label"=>["Byzantine Numismatics"]}}
  [1m[35m (0.1ms)[0m  begin transaction
  [1m[36mSQL (0.4ms)[0m  [1mINSERT INTO "searches" ("query_params", "created_at", "updated_at") VALUES (?, ?, ?)[0m  [["query_params", "--- !ruby/hash:ActiveSupport::HashWithIndifferentAccess\nf: !ruby/hash:ActiveSupport::HashWithIndifferentAccess\n  num_label:\n  - Byzantine Numismatics\ncontroller: catalog\naction: index\n"], ["created_at", "2016-04-13 00:04:16.202285"], ["updated_at", "2016-04-13 00:04:16.202285"]]
  [1m[35m (29.6ms)[0m  commit transaction
SPARQL query:
PREFIX nmo: <http://nomisma.org/ontology#>
PREFIX skos: <http://www.w3.org/2004/02/skos/core#>
PREFIX dcterms: <http://purl.org/dc/terms/>


SELECT DISTINCT ?id

WHERE {
  ?id a nmo:Denomination .
  ?id skos:prefLabel ?lab .
  ?id skos:definition ?defn .
?id dcterms:isPartOf ?num .
?num a nmo:FieldOfNumismatics .
?num skos:prefLabel ?num_lab .
  FILTER(langMatches(LANG(?lab), "en"))
  FILTER(langMatches(LANG(?defn), "en"))
  FILTER(langMatches(LANG(?num_lab), "en"))
  FILTER(STR(?num_lab) = "Byzantine Numismatics")
}
LIMIT 10

SPARQL fetch (4158.4ms)
SPARQL query:
PREFIX nmo: <http://nomisma.org/ontology#>
PREFIX skos: <http://www.w3.org/2004/02/skos/core#>
PREFIX dcterms: <http://purl.org/dc/terms/>


CONSTRUCT {
  ?id a nmo:Denomination .
  ?id skos:prefLabel ?lab .
  ?id skos:definition ?defn .
?id dcterms:isPartOf ?num .
?num a nmo:FieldOfNumismatics .
?num skos:prefLabel ?num_lab .
}

WHERE {
  ?id a nmo:Denomination .
  ?id skos:prefLabel ?lab .
  ?id skos:definition ?defn .
?id dcterms:isPartOf ?num .
?num a nmo:FieldOfNumismatics .
?num skos:prefLabel ?num_lab .
  FILTER(langMatches(LANG(?lab), "en"))
  FILTER(langMatches(LANG(?defn), "en"))
  FILTER(langMatches(LANG(?num_lab), "en"))
  FILTER(STR(?num_lab) = "Byzantine Numismatics")
  FILTER(?id IN(<http://nomisma.org/id/tremissis>,<http://nomisma.org/id/solidus>,<http://nomisma.org/id/multiple-silver>,<http://nomisma.org/id/multiple-gold>,<http://nomisma.org/id/follis>))
}

SPARQL fetch (4192.2ms)
SPARQL query:
PREFIX nmo: <http://nomisma.org/ontology#>
PREFIX skos: <http://www.w3.org/2004/02/skos/core#>
PREFIX dcterms: <http://purl.org/dc/terms/>


SELECT ?num_lab (COUNT(DISTINCT ?id) as ?__count__)
WHERE {
  ?id a nmo:Denomination .
  ?id skos:prefLabel ?lab .
  ?id skos:definition ?defn .
?id dcterms:isPartOf ?num .
?num a nmo:FieldOfNumismatics .
?num skos:prefLabel ?num_lab .
  FILTER(langMatches(LANG(?lab), "en"))
  FILTER(langMatches(LANG(?defn), "en"))
  FILTER(langMatches(LANG(?num_lab), "en"))
  FILTER(STR(?num_lab) = "Byzantine Numismatics")
}
GROUP BY ?num_lab
ORDER BY ?num_lab

SPARQL fetch (4153.2ms)
Framed JSON_LD: [
  {
    "@id": "http://nomisma.org/id/follis",
    "@type": "nmo:Denomination",
    "dcterms:isPartOf": {
      "@id": "http://nomisma.org/id/byzantine_numismatics",
      "@type": "nmo:FieldOfNumismatics",
      "skos:prefLabel": "Byzantine Numismatics"
    },
    "skos:definition": "Numismatic term for bronze coin worth 40 nummi. Can be use for other low value late Roman coins. The terms is falling out of favor.",
    "skos:prefLabel": "Follis"
  },
  {
    "@id": "http://nomisma.org/id/multiple-gold",
    "@type": "nmo:Denomination",
    "dcterms:isPartOf": {
      "@id": "http://nomisma.org/id/byzantine_numismatics",
      "@type": "nmo:FieldOfNumismatics",
      "skos:prefLabel": "Byzantine Numismatics"
    },
    "skos:definition": "Undefined multiple unit of a standard gold denomination",
    "skos:prefLabel": "Gold multiple"
  },
  {
    "@id": "http://nomisma.org/id/multiple-silver",
    "@type": "nmo:Denomination",
    "dcterms:isPartOf": {
      "@id": "http://nomisma.org/id/byzantine_numismatics",
      "@type": "nmo:FieldOfNumismatics",
      "skos:prefLabel": "Byzantine Numismatics"
    },
    "skos:definition": "Undefined multiple unit of a standard silver denomination",
    "skos:prefLabel": "Silver Multiple"
  },
  {
    "@id": "http://nomisma.org/id/solidus",
    "@type": "nmo:Denomination",
    "dcterms:isPartOf": {
      "@id": "http://nomisma.org/id/byzantine_numismatics",
      "@type": "nmo:FieldOfNumismatics",
      "skos:prefLabel": "Byzantine Numismatics"
    },
    "skos:definition": "The standard late Roman and early/middle Byzantine gold denomination, introduced by Constantine the Great.",
    "skos:prefLabel": "Solidus"
  },
  {
    "@id": "http://nomisma.org/id/tremissis",
    "@type": "nmo:Denomination",
    "dcterms:isPartOf": {
      "@id": "http://nomisma.org/id/byzantine_numismatics",
      "@type": "nmo:FieldOfNumismatics",
      "skos:prefLabel": "Byzantine Numismatics"
    },
    "skos:definition": "Gold coin valued as 1/3 solidus",
    "skos:prefLabel": "Tremissis"
  }
]
  Rendered /Users/gregg/.rvm/gems/ruby-2.3.0/gems/blacklight-6.1.0/app/views/catalog/_facet_limit.html.erb (104.7ms)
  Rendered /Users/gregg/.rvm/gems/ruby-2.3.0/gems/blacklight-6.1.0/app/views/catalog/_facets.html.erb (133.9ms)
  Rendered /Users/gregg/.rvm/gems/ruby-2.3.0/gems/blacklight-6.1.0/app/views/catalog/_search_sidebar.html.erb (136.4ms)
  Rendered /Users/gregg/.rvm/gems/ruby-2.3.0/gems/blacklight-6.1.0/app/views/catalog/_opensearch_response_metadata.html.erb (0.5ms)
  Rendered /Users/gregg/.rvm/gems/ruby-2.3.0/gems/blacklight-6.1.0/app/views/catalog/_did_you_mean.html.erb (0.4ms)
  Rendered /Users/gregg/.rvm/gems/ruby-2.3.0/gems/blacklight-6.1.0/app/views/catalog/_constraints_element.html.erb (0.9ms)
  Rendered /Users/gregg/.rvm/gems/ruby-2.3.0/gems/blacklight-6.1.0/app/views/catalog/_constraints.html.erb (5.2ms)
  Rendered /Users/gregg/.rvm/gems/ruby-2.3.0/gems/blacklight-6.1.0/app/views/catalog/_paginate_compact.html.erb (3.9ms)
  Rendered /Users/gregg/.rvm/gems/ruby-2.3.0/gems/blacklight-6.1.0/app/views/catalog/_sort_widget.html.erb (1.3ms)
  Rendered /Users/gregg/.rvm/gems/ruby-2.3.0/gems/blacklight-6.1.0/app/views/catalog/_per_page_widget.html.erb (2.2ms)
  Rendered /Users/gregg/.rvm/gems/ruby-2.3.0/gems/blacklight-6.1.0/app/views/catalog/_view_type_group.html.erb (0.7ms)
  Rendered /Users/gregg/.rvm/gems/ruby-2.3.0/gems/blacklight-6.1.0/app/views/catalog/_sort_and_per_page.html.erb (17.2ms)
  Rendered /Users/gregg/.rvm/gems/ruby-2.3.0/gems/blacklight-6.1.0/app/views/catalog/_search_header.html.erb (29.3ms)
Looking for document index partial document_list
Looking for document partial index_header_list_default
Looking for document partial index_header_list_default
Looking for document partial index_header_default
Looking for document partial thumbnail_list_default
Looking for document partial thumbnail_list_default
Looking for document partial thumbnail_default
Looking for document partial index_list_default
Looking for document partial index_list_default
Looking for document partial index_default
  Rendered /Users/gregg/.rvm/gems/ruby-2.3.0/gems/blacklight-6.1.0/app/views/catalog/_document.html.erb (145.4ms)
  Rendered /Users/gregg/.rvm/gems/ruby-2.3.0/gems/blacklight-6.1.0/app/views/catalog/_search_results.html.erb (187.6ms)
  Rendered /Users/gregg/.rvm/gems/ruby-2.3.0/gems/blacklight-6.1.0/app/views/catalog/index.html.erb within layouts/blacklight (332.3ms)
Completed 500 Internal Server Error in 17266ms (ActiveRecord: 30.5ms)

ActionView::Template::Error (undefined method `render_numismatics' for #<#<Class:0x007fd0889fe088>:0x007fd0889ee2a0>
Did you mean?  render_document_class):
    4:   <% index_fields(document).each do |field_name, field| -%>
    5:     <% if should_render_index_field? document, field %>
    6: 	    <dt class="blacklight-<%= field_name.parameterize %>"><%= render_index_field_label document, field: field_name %></dt>
    7: 	    <dd class="blacklight-<%= field_name.parameterize %>"><%= render_index_field_value document, field: field_name %></dd>
    8:     <% end -%>
    9:   <% end -%>
   10: 
  blacklight (6.1.0) app/presenters/blacklight/document_presenter.rb:201:in `get_field_values'
  blacklight (6.1.0) app/presenters/blacklight/document_presenter.rb:133:in `render_index_field_value'
  blacklight (6.1.0) app/helpers/blacklight/blacklight_helper_behavior.rb:166:in `render_index_field_value'
  blacklight (6.1.0) app/views/catalog/_index_default.html.erb:7:in `block in ___sers_gregg__rvm_gems_ruby_______gems_blacklight_______app_views_catalog__index_default_html_erb___2969127282909341454_70266812479160'
  blacklight (6.1.0) app/views/catalog/_index_default.html.erb:4:in `each'
  blacklight (6.1.0) app/views/catalog/_index_default.html.erb:4:in `___sers_gregg__rvm_gems_ruby_______gems_blacklight_______app_views_catalog__index_default_html_erb___2969127282909341454_70266812479160'
  actionview (4.2.6) lib/action_view/template.rb:145:in `block in render'
  activesupport (4.2.6) lib/active_support/notifications.rb:166:in `instrument'
  actionview (4.2.6) lib/action_view/template.rb:333:in `instrument'
  actionview (4.2.6) lib/action_view/template.rb:143:in `render'
  blacklight (6.1.0) app/helpers/blacklight/render_partials_helper.rb:50:in `render_document_partial'
  blacklight (6.1.0) app/helpers/blacklight/render_partials_helper.rb:26:in `block in render_document_partials'
  blacklight (6.1.0) app/helpers/blacklight/render_partials_helper.rb:25:in `map'
  blacklight (6.1.0) app/helpers/blacklight/render_partials_helper.rb:25:in `render_document_partials'
  blacklight (6.1.0) app/views/catalog/_document.html.erb:3:in `___sers_gregg__rvm_gems_ruby_______gems_blacklight_______app_views_catalog__document_html_erb__4464139678472300621_70266835354340'
  actionview (4.2.6) lib/action_view/template.rb:145:in `block in render'
  activesupport (4.2.6) lib/active_support/notifications.rb:166:in `instrument'
  actionview (4.2.6) lib/action_view/template.rb:333:in `instrument'
  actionview (4.2.6) lib/action_view/template.rb:143:in `render'
  actionview (4.2.6) lib/action_view/renderer/partial_renderer.rb:436:in `block in collection_with_template'
  actionview (4.2.6) lib/action_view/renderer/partial_renderer.rb:432:in `map'
  actionview (4.2.6) lib/action_view/renderer/partial_renderer.rb:432:in `collection_with_template'
  actionview (4.2.6) lib/action_view/renderer/partial_renderer.rb:324:in `render_collection'
  actionview (4.2.6) lib/action_view/renderer/partial_renderer.rb:306:in `block in render'
  actionview (4.2.6) lib/action_view/renderer/abstract_renderer.rb:39:in `block in instrument'
  activesupport (4.2.6) lib/active_support/notifications.rb:164:in `block in instrument'
  activesupport (4.2.6) lib/active_support/notifications/instrumenter.rb:20:in `instrument'
  activesupport (4.2.6) lib/active_support/notifications.rb:164:in `instrument'
  actionview (4.2.6) lib/action_view/renderer/abstract_renderer.rb:39:in `instrument'
  actionview (4.2.6) lib/action_view/renderer/partial_renderer.rb:305:in `render'
  actionview (4.2.6) lib/action_view/renderer/renderer.rb:51:in `render_partial'
  actionview (4.2.6) lib/action_view/helpers/rendering_helper.rb:35:in `render'
  blacklight (6.1.0) app/views/catalog/_document_list.html.erb:3:in `___sers_gregg__rvm_gems_ruby_______gems_blacklight_______app_views_catalog__document_list_html_erb___937064921265798664_70266835504140'
  actionview (4.2.6) lib/action_view/template.rb:145:in `block in render'
  activesupport (4.2.6) lib/active_support/notifications.rb:166:in `instrument'
  actionview (4.2.6) lib/action_view/template.rb:333:in `instrument'
  actionview (4.2.6) lib/action_view/template.rb:143:in `render'
  blacklight (6.1.0) app/helpers/blacklight/render_partials_helper.rb:75:in `render_document_index_with_view'
  blacklight (6.1.0) app/helpers/blacklight/render_partials_helper.rb:11:in `render_document_index'
  blacklight (6.1.0) app/views/catalog/_search_results.html.erb:20:in `___sers_gregg__rvm_gems_ruby_______gems_blacklight_______app_views_catalog__search_results_html_erb___4025430115618070445_70266835653520'
  actionview (4.2.6) lib/action_view/template.rb:145:in `block in render'
  activesupport (4.2.6) lib/active_support/notifications.rb:166:in `instrument'
  actionview (4.2.6) lib/action_view/template.rb:333:in `instrument'
  actionview (4.2.6) lib/action_view/template.rb:143:in `render'
  actionview (4.2.6) lib/action_view/renderer/partial_renderer.rb:339:in `render_partial'
  actionview (4.2.6) lib/action_view/renderer/partial_renderer.rb:310:in `block in render'
  actionview (4.2.6) lib/action_view/renderer/abstract_renderer.rb:39:in `block in instrument'
  activesupport (4.2.6) lib/active_support/notifications.rb:164:in `block in instrument'
  activesupport (4.2.6) lib/active_support/notifications/instrumenter.rb:20:in `instrument'
  activesupport (4.2.6) lib/active_support/notifications.rb:164:in `instrument'
  actionview (4.2.6) lib/action_view/renderer/abstract_renderer.rb:39:in `instrument'
  actionview (4.2.6) lib/action_view/renderer/partial_renderer.rb:309:in `render'
  actionview (4.2.6) lib/action_view/renderer/renderer.rb:51:in `render_partial'
  actionview (4.2.6) lib/action_view/helpers/rendering_helper.rb:35:in `render'
  blacklight (6.1.0) app/views/catalog/index.html.erb:11:in `___sers_gregg__rvm_gems_ruby_______gems_blacklight_______app_views_catalog_index_html_erb___60294101355469095_70266810823700'
  actionview (4.2.6) lib/action_view/template.rb:145:in `block in render'
  activesupport (4.2.6) lib/active_support/notifications.rb:166:in `instrument'
  actionview (4.2.6) lib/action_view/template.rb:333:in `instrument'
  actionview (4.2.6) lib/action_view/template.rb:143:in `render'
  actionview (4.2.6) lib/action_view/renderer/template_renderer.rb:54:in `block (2 levels) in render_template'
  actionview (4.2.6) lib/action_view/renderer/abstract_renderer.rb:39:in `block in instrument'
  activesupport (4.2.6) lib/active_support/notifications.rb:164:in `block in instrument'
  activesupport (4.2.6) lib/active_support/notifications/instrumenter.rb:20:in `instrument'
  activesupport (4.2.6) lib/active_support/notifications.rb:164:in `instrument'
  actionview (4.2.6) lib/action_view/renderer/abstract_renderer.rb:39:in `instrument'
  actionview (4.2.6) lib/action_view/renderer/template_renderer.rb:53:in `block in render_template'
  actionview (4.2.6) lib/action_view/renderer/template_renderer.rb:61:in `render_with_layout'
  actionview (4.2.6) lib/action_view/renderer/template_renderer.rb:52:in `render_template'
  actionview (4.2.6) lib/action_view/renderer/template_renderer.rb:14:in `render'
  actionview (4.2.6) lib/action_view/renderer/renderer.rb:46:in `render_template'
  actionview (4.2.6) lib/action_view/renderer/renderer.rb:27:in `render'
  actionview (4.2.6) lib/action_view/rendering.rb:100:in `_render_template'
  actionpack (4.2.6) lib/action_controller/metal/streaming.rb:217:in `_render_template'
  actionview (4.2.6) lib/action_view/rendering.rb:83:in `render_to_body'
  actionpack (4.2.6) lib/action_controller/metal/rendering.rb:32:in `render_to_body'
  actionpack (4.2.6) lib/action_controller/metal/renderers.rb:37:in `render_to_body'
  actionpack (4.2.6) lib/abstract_controller/rendering.rb:25:in `render'
  actionpack (4.2.6) lib/action_controller/metal/rendering.rb:16:in `render'
  actionpack (4.2.6) lib/action_controller/metal/instrumentation.rb:44:in `block (2 levels) in render'
  activesupport (4.2.6) lib/active_support/core_ext/benchmark.rb:12:in `block in ms'
  /Users/gregg/.rvm/rubies/ruby-2.3.0/lib/ruby/2.3.0/benchmark.rb:308:in `realtime'
  activesupport (4.2.6) lib/active_support/core_ext/benchmark.rb:12:in `ms'
  actionpack (4.2.6) lib/action_controller/metal/instrumentation.rb:44:in `block in render'
  actionpack (4.2.6) lib/action_controller/metal/instrumentation.rb:87:in `cleanup_view_runtime'
  activerecord (4.2.6) lib/active_record/railties/controller_runtime.rb:25:in `cleanup_view_runtime'
  actionpack (4.2.6) lib/action_controller/metal/instrumentation.rb:43:in `render'
  actionpack (4.2.6) lib/action_controller/metal/implicit_render.rb:10:in `default_render'
  actionpack (4.2.6) lib/action_controller/metal/implicit_render.rb:5:in `send_action'
  actionpack (4.2.6) lib/abstract_controller/base.rb:198:in `process_action'
  actionpack (4.2.6) lib/action_controller/metal/rendering.rb:10:in `process_action'
  actionpack (4.2.6) lib/abstract_controller/callbacks.rb:20:in `block in process_action'
  activesupport (4.2.6) lib/active_support/callbacks.rb:117:in `call'
  activesupport (4.2.6) lib/active_support/callbacks.rb:555:in `block (2 levels) in compile'
  activesupport (4.2.6) lib/active_support/callbacks.rb:505:in `call'
  activesupport (4.2.6) lib/active_support/callbacks.rb:92:in `__run_callbacks__'
  activesupport (4.2.6) lib/active_support/callbacks.rb:778:in `_run_process_action_callbacks'
  activesupport (4.2.6) lib/active_support/callbacks.rb:81:in `run_callbacks'
  actionpack (4.2.6) lib/abstract_controller/callbacks.rb:19:in `process_action'
  actionpack (4.2.6) lib/action_controller/metal/rescue.rb:29:in `process_action'
  actionpack (4.2.6) lib/action_controller/metal/instrumentation.rb:32:in `block in process_action'
  activesupport (4.2.6) lib/active_support/notifications.rb:164:in `block in instrument'
  activesupport (4.2.6) lib/active_support/notifications/instrumenter.rb:20:in `instrument'
  activesupport (4.2.6) lib/active_support/notifications.rb:164:in `instrument'
  actionpack (4.2.6) lib/action_controller/metal/instrumentation.rb:30:in `process_action'
  actionpack (4.2.6) lib/action_controller/metal/params_wrapper.rb:250:in `process_action'
  activerecord (4.2.6) lib/active_record/railties/controller_runtime.rb:18:in `process_action'
  actionpack (4.2.6) lib/abstract_controller/base.rb:137:in `process'
  actionview (4.2.6) lib/action_view/rendering.rb:30:in `process'
  actionpack (4.2.6) lib/action_controller/metal.rb:196:in `dispatch'
  actionpack (4.2.6) lib/action_controller/metal/rack_delegation.rb:13:in `dispatch'
  actionpack (4.2.6) lib/action_controller/metal.rb:237:in `block in action'
  actionpack (4.2.6) lib/action_dispatch/routing/route_set.rb:74:in `dispatch'
  actionpack (4.2.6) lib/action_dispatch/routing/route_set.rb:43:in `serve'
  actionpack (4.2.6) lib/action_dispatch/journey/router.rb:43:in `block in serve'
  actionpack (4.2.6) lib/action_dispatch/journey/router.rb:30:in `each'
  actionpack (4.2.6) lib/action_dispatch/journey/router.rb:30:in `serve'
  actionpack (4.2.6) lib/action_dispatch/routing/route_set.rb:817:in `call'
  rack (1.6.4) lib/rack/etag.rb:24:in `call'
  rack (1.6.4) lib/rack/conditionalget.rb:25:in `call'
  rack (1.6.4) lib/rack/head.rb:13:in `call'
  actionpack (4.2.6) lib/action_dispatch/middleware/params_parser.rb:27:in `call'
  actionpack (4.2.6) lib/action_dispatch/middleware/flash.rb:260:in `call'
  rack (1.6.4) lib/rack/session/abstract/id.rb:225:in `context'
  rack (1.6.4) lib/rack/session/abstract/id.rb:220:in `call'
  actionpack (4.2.6) lib/action_dispatch/middleware/cookies.rb:560:in `call'
  activerecord (4.2.6) lib/active_record/query_cache.rb:36:in `call'
  activerecord (4.2.6) lib/active_record/connection_adapters/abstract/connection_pool.rb:653:in `call'
  activerecord (4.2.6) lib/active_record/migration.rb:377:in `call'
  actionpack (4.2.6) lib/action_dispatch/middleware/callbacks.rb:29:in `block in call'
  activesupport (4.2.6) lib/active_support/callbacks.rb:88:in `__run_callbacks__'
  activesupport (4.2.6) lib/active_support/callbacks.rb:778:in `_run_call_callbacks'
  activesupport (4.2.6) lib/active_support/callbacks.rb:81:in `run_callbacks'
  actionpack (4.2.6) lib/action_dispatch/middleware/callbacks.rb:27:in `call'
  actionpack (4.2.6) lib/action_dispatch/middleware/reloader.rb:73:in `call'
  actionpack (4.2.6) lib/action_dispatch/middleware/remote_ip.rb:78:in `call'
  actionpack (4.2.6) lib/action_dispatch/middleware/debug_exceptions.rb:17:in `call'
  web-console (2.3.0) lib/web_console/middleware.rb:28:in `block in call'
  web-console (2.3.0) lib/web_console/middleware.rb:18:in `catch'
  web-console (2.3.0) lib/web_console/middleware.rb:18:in `call'
  actionpack (4.2.6) lib/action_dispatch/middleware/show_exceptions.rb:30:in `call'
  railties (4.2.6) lib/rails/rack/logger.rb:38:in `call_app'
  railties (4.2.6) lib/rails/rack/logger.rb:20:in `block in call'
  activesupport (4.2.6) lib/active_support/tagged_logging.rb:68:in `block in tagged'
  activesupport (4.2.6) lib/active_support/tagged_logging.rb:26:in `tagged'
  activesupport (4.2.6) lib/active_support/tagged_logging.rb:68:in `tagged'
  railties (4.2.6) lib/rails/rack/logger.rb:20:in `call'
  actionpack (4.2.6) lib/action_dispatch/middleware/request_id.rb:21:in `call'
  rack (1.6.4) lib/rack/methodoverride.rb:22:in `call'
  rack (1.6.4) lib/rack/runtime.rb:18:in `call'
  activesupport (4.2.6) lib/active_support/cache/strategy/local_cache_middleware.rb:28:in `call'
  rack (1.6.4) lib/rack/lock.rb:17:in `call'
  actionpack (4.2.6) lib/action_dispatch/middleware/static.rb:120:in `call'
  rack (1.6.4) lib/rack/sendfile.rb:113:in `call'
  railties (4.2.6) lib/rails/engine.rb:518:in `call'
  railties (4.2.6) lib/rails/application.rb:165:in `call'
  rack (1.6.4) lib/rack/lock.rb:17:in `call'
  rack (1.6.4) lib/rack/content_length.rb:15:in `call'
  rack (1.6.4) lib/rack/handler/webrick.rb:88:in `service'
  /Users/gregg/.rvm/rubies/ruby-2.3.0/lib/ruby/2.3.0/webrick/httpserver.rb:140:in `service'
  /Users/gregg/.rvm/rubies/ruby-2.3.0/lib/ruby/2.3.0/webrick/httpserver.rb:96:in `run'
  /Users/gregg/.rvm/rubies/ruby-2.3.0/lib/ruby/2.3.0/webrick/server.rb:296:in `block in start_thread'


  Rendered /Users/gregg/.rvm/gems/ruby-2.3.0/gems/actionpack-4.2.6/lib/action_dispatch/middleware/templates/rescues/_source.erb (10.1ms)
  Rendered /Users/gregg/.rvm/gems/ruby-2.3.0/gems/actionpack-4.2.6/lib/action_dispatch/middleware/templates/rescues/_trace.html.erb (3.6ms)
  Rendered /Users/gregg/.rvm/gems/ruby-2.3.0/gems/actionpack-4.2.6/lib/action_dispatch/middleware/templates/rescues/_request_and_response.html.erb (1.0ms)
  Rendered /Users/gregg/.rvm/gems/ruby-2.3.0/gems/actionpack-4.2.6/lib/action_dispatch/middleware/templates/rescues/template_error.html.erb within rescues/layout (65.6ms)
  Rendered /Users/gregg/.rvm/gems/ruby-2.3.0/gems/web-console-2.3.0/lib/web_console/templates/_markup.html.erb (0.4ms)
  Rendered /Users/gregg/.rvm/gems/ruby-2.3.0/gems/web-console-2.3.0/lib/web_console/templates/_inner_console_markup.html.erb within layouts/inlined_string (0.3ms)
  Rendered /Users/gregg/.rvm/gems/ruby-2.3.0/gems/web-console-2.3.0/lib/web_console/templates/_prompt_box_markup.html.erb within layouts/inlined_string (0.2ms)
  Rendered /Users/gregg/.rvm/gems/ruby-2.3.0/gems/web-console-2.3.0/lib/web_console/templates/style.css.erb within layouts/inlined_string (0.3ms)
  Rendered /Users/gregg/.rvm/gems/ruby-2.3.0/gems/web-console-2.3.0/lib/web_console/templates/console.js.erb within layouts/javascript (48.3ms)
  Rendered /Users/gregg/.rvm/gems/ruby-2.3.0/gems/web-console-2.3.0/lib/web_console/templates/main.js.erb within layouts/javascript (0.3ms)
  Rendered /Users/gregg/.rvm/gems/ruby-2.3.0/gems/web-console-2.3.0/lib/web_console/templates/error_page.js.erb within layouts/javascript (0.3ms)
  Rendered /Users/gregg/.rvm/gems/ruby-2.3.0/gems/web-console-2.3.0/lib/web_console/templates/index.html.erb (109.5ms)


Started GET "/?f%5Bnum_label%5D%5B%5D=Byzantine+Numismatics" for ::1 at 2016-04-12 17:06:46 -0700
  [1m[36mActiveRecord::SchemaMigration Load (0.1ms)[0m  [1mSELECT "schema_migrations".* FROM "schema_migrations"[0m
Processing by CatalogController#index as HTML
  Parameters: {"f"=>{"num_label"=>["Byzantine Numismatics"]}}
  [1m[35m (0.1ms)[0m  begin transaction
  [1m[36mSQL (0.4ms)[0m  [1mINSERT INTO "searches" ("query_params", "created_at", "updated_at") VALUES (?, ?, ?)[0m  [["query_params", "--- !ruby/hash:ActiveSupport::HashWithIndifferentAccess\nf: !ruby/hash:ActiveSupport::HashWithIndifferentAccess\n  num_label:\n  - Byzantine Numismatics\ncontroller: catalog\naction: index\n"], ["created_at", "2016-04-13 00:06:47.222448"], ["updated_at", "2016-04-13 00:06:47.222448"]]
  [1m[35m (6.9ms)[0m  commit transaction
SPARQL query:
PREFIX nmo: <http://nomisma.org/ontology#>
PREFIX skos: <http://www.w3.org/2004/02/skos/core#>
PREFIX dcterms: <http://purl.org/dc/terms/>


SELECT DISTINCT ?id

WHERE {
  ?id a nmo:Denomination .
  ?id skos:prefLabel ?lab .
  ?id skos:definition ?defn .
?id dcterms:isPartOf ?num .
?num a nmo:FieldOfNumismatics .
?num skos:prefLabel ?num_lab .
  FILTER(langMatches(LANG(?lab), "en"))
  FILTER(langMatches(LANG(?defn), "en"))
  FILTER(langMatches(LANG(?num_lab), "en"))
  FILTER(STR(?num_lab) = "Byzantine Numismatics")
}
LIMIT 10

SPARQL fetch (4037.3ms)
SPARQL query:
PREFIX nmo: <http://nomisma.org/ontology#>
PREFIX skos: <http://www.w3.org/2004/02/skos/core#>
PREFIX dcterms: <http://purl.org/dc/terms/>


CONSTRUCT {
  ?id a nmo:Denomination .
  ?id skos:prefLabel ?lab .
  ?id skos:definition ?defn .
?id dcterms:isPartOf ?num .
?num a nmo:FieldOfNumismatics .
?num skos:prefLabel ?num_lab .
}

WHERE {
  ?id a nmo:Denomination .
  ?id skos:prefLabel ?lab .
  ?id skos:definition ?defn .
?id dcterms:isPartOf ?num .
?num a nmo:FieldOfNumismatics .
?num skos:prefLabel ?num_lab .
  FILTER(langMatches(LANG(?lab), "en"))
  FILTER(langMatches(LANG(?defn), "en"))
  FILTER(langMatches(LANG(?num_lab), "en"))
  FILTER(STR(?num_lab) = "Byzantine Numismatics")
  FILTER(?id IN(<http://nomisma.org/id/tremissis>,<http://nomisma.org/id/solidus>,<http://nomisma.org/id/multiple-silver>,<http://nomisma.org/id/multiple-gold>,<http://nomisma.org/id/follis>))
}

SPARQL fetch (4139.3ms)
SPARQL query:
PREFIX nmo: <http://nomisma.org/ontology#>
PREFIX skos: <http://www.w3.org/2004/02/skos/core#>
PREFIX dcterms: <http://purl.org/dc/terms/>


SELECT ?num_lab (COUNT(DISTINCT ?id) as ?__count__)
WHERE {
  ?id a nmo:Denomination .
  ?id skos:prefLabel ?lab .
  ?id skos:definition ?defn .
?id dcterms:isPartOf ?num .
?num a nmo:FieldOfNumismatics .
?num skos:prefLabel ?num_lab .
  FILTER(langMatches(LANG(?lab), "en"))
  FILTER(langMatches(LANG(?defn), "en"))
  FILTER(langMatches(LANG(?num_lab), "en"))
  FILTER(STR(?num_lab) = "Byzantine Numismatics")
}
GROUP BY ?num_lab
ORDER BY ?num_lab

SPARQL fetch (4179.2ms)
Framed JSON_LD: [
  {
    "@id": "http://nomisma.org/id/follis",
    "@type": "nmo:Denomination",
    "dcterms:isPartOf": {
      "@id": "http://nomisma.org/id/byzantine_numismatics",
      "@type": "nmo:FieldOfNumismatics",
      "skos:prefLabel": "Byzantine Numismatics"
    },
    "skos:definition": "Numismatic term for bronze coin worth 40 nummi. Can be use for other low value late Roman coins. The terms is falling out of favor.",
    "skos:prefLabel": "Follis"
  },
  {
    "@id": "http://nomisma.org/id/multiple-gold",
    "@type": "nmo:Denomination",
    "dcterms:isPartOf": {
      "@id": "http://nomisma.org/id/byzantine_numismatics",
      "@type": "nmo:FieldOfNumismatics",
      "skos:prefLabel": "Byzantine Numismatics"
    },
    "skos:definition": "Undefined multiple unit of a standard gold denomination",
    "skos:prefLabel": "Gold multiple"
  },
  {
    "@id": "http://nomisma.org/id/multiple-silver",
    "@type": "nmo:Denomination",
    "dcterms:isPartOf": {
      "@id": "http://nomisma.org/id/byzantine_numismatics",
      "@type": "nmo:FieldOfNumismatics",
      "skos:prefLabel": "Byzantine Numismatics"
    },
    "skos:definition": "Undefined multiple unit of a standard silver denomination",
    "skos:prefLabel": "Silver Multiple"
  },
  {
    "@id": "http://nomisma.org/id/solidus",
    "@type": "nmo:Denomination",
    "dcterms:isPartOf": {
      "@id": "http://nomisma.org/id/byzantine_numismatics",
      "@type": "nmo:FieldOfNumismatics",
      "skos:prefLabel": "Byzantine Numismatics"
    },
    "skos:definition": "The standard late Roman and early/middle Byzantine gold denomination, introduced by Constantine the Great.",
    "skos:prefLabel": "Solidus"
  },
  {
    "@id": "http://nomisma.org/id/tremissis",
    "@type": "nmo:Denomination",
    "dcterms:isPartOf": {
      "@id": "http://nomisma.org/id/byzantine_numismatics",
      "@type": "nmo:FieldOfNumismatics",
      "skos:prefLabel": "Byzantine Numismatics"
    },
    "skos:definition": "Gold coin valued as 1/3 solidus",
    "skos:prefLabel": "Tremissis"
  }
]
  Rendered /Users/gregg/.rvm/gems/ruby-2.3.0/gems/blacklight-6.1.0/app/views/catalog/_facet_limit.html.erb (105.3ms)
  Rendered /Users/gregg/.rvm/gems/ruby-2.3.0/gems/blacklight-6.1.0/app/views/catalog/_facets.html.erb (129.2ms)
  Rendered /Users/gregg/.rvm/gems/ruby-2.3.0/gems/blacklight-6.1.0/app/views/catalog/_search_sidebar.html.erb (131.4ms)
  Rendered /Users/gregg/.rvm/gems/ruby-2.3.0/gems/blacklight-6.1.0/app/views/catalog/_opensearch_response_metadata.html.erb (0.4ms)
  Rendered /Users/gregg/.rvm/gems/ruby-2.3.0/gems/blacklight-6.1.0/app/views/catalog/_did_you_mean.html.erb (0.3ms)
  Rendered /Users/gregg/.rvm/gems/ruby-2.3.0/gems/blacklight-6.1.0/app/views/catalog/_constraints_element.html.erb (0.9ms)
  Rendered /Users/gregg/.rvm/gems/ruby-2.3.0/gems/blacklight-6.1.0/app/views/catalog/_constraints.html.erb (5.3ms)
  Rendered /Users/gregg/.rvm/gems/ruby-2.3.0/gems/blacklight-6.1.0/app/views/catalog/_paginate_compact.html.erb (4.4ms)
  Rendered /Users/gregg/.rvm/gems/ruby-2.3.0/gems/blacklight-6.1.0/app/views/catalog/_sort_widget.html.erb (1.3ms)
  Rendered /Users/gregg/.rvm/gems/ruby-2.3.0/gems/blacklight-6.1.0/app/views/catalog/_per_page_widget.html.erb (2.2ms)
  Rendered /Users/gregg/.rvm/gems/ruby-2.3.0/gems/blacklight-6.1.0/app/views/catalog/_view_type_group.html.erb (0.6ms)
  Rendered /Users/gregg/.rvm/gems/ruby-2.3.0/gems/blacklight-6.1.0/app/views/catalog/_sort_and_per_page.html.erb (18.9ms)
  Rendered /Users/gregg/.rvm/gems/ruby-2.3.0/gems/blacklight-6.1.0/app/views/catalog/_search_header.html.erb (31.2ms)
Looking for document index partial document_list
Looking for document partial index_header_list_default
Looking for document partial index_header_list_default
Looking for document partial index_header_default
Looking for document partial thumbnail_list_default
Looking for document partial thumbnail_list_default
Looking for document partial thumbnail_default
Looking for document partial index_list_default
Looking for document partial index_list_default
Looking for document partial index_default
  Rendered /Users/gregg/.rvm/gems/ruby-2.3.0/gems/blacklight-6.1.0/app/views/catalog/_document.html.erb (115.6ms)
  Rendered /Users/gregg/.rvm/gems/ruby-2.3.0/gems/blacklight-6.1.0/app/views/catalog/_results_pagination.html.erb (0.7ms)
  Rendered /Users/gregg/.rvm/gems/ruby-2.3.0/gems/blacklight-6.1.0/app/views/catalog/_search_results.html.erb (162.3ms)
  Rendered /Users/gregg/.rvm/gems/ruby-2.3.0/gems/blacklight-6.1.0/app/views/catalog/index.html.erb within layouts/blacklight (301.3ms)
  Rendered /Users/gregg/.rvm/gems/ruby-2.3.0/gems/blacklight-6.1.0/app/views/blacklight/nav/_search_history.html.erb (1.7ms)
  Rendered /Users/gregg/.rvm/gems/ruby-2.3.0/gems/blacklight-6.1.0/app/views/_user_util_links.html.erb (5.1ms)
  Rendered /Users/gregg/.rvm/gems/ruby-2.3.0/gems/blacklight-6.1.0/app/views/catalog/_search_form.html.erb (3.0ms)
  Rendered /Users/gregg/.rvm/gems/ruby-2.3.0/gems/blacklight-6.1.0/app/views/shared/_header_navbar.html.erb (13.6ms)
  Rendered /Users/gregg/.rvm/gems/ruby-2.3.0/gems/blacklight-6.1.0/app/views/shared/_ajax_modal.html.erb (0.2ms)
  Rendered /Users/gregg/.rvm/gems/ruby-2.3.0/gems/blacklight-6.1.0/app/views/_flash_msg.html.erb (3.2ms)
  Rendered /Users/gregg/.rvm/gems/ruby-2.3.0/gems/blacklight-6.1.0/app/views/shared/_footer.html.erb (0.2ms)
Completed 200 OK in 22710ms (Views: 5985.8ms | ActiveRecord: 7.7ms)


Started GET "/assets/blacklight.self-39b4689136422c37c76ab6af5c8844386547d47f7d2ca241766777f89768434f.css?body=1" for ::1 at 2016-04-12 17:07:09 -0700


Started GET "/assets/jquery_ujs.self-e87806d0cf4489aeb1bb7288016024e8de67fd18db693fe026fe3907581e53cd.js?body=1" for ::1 at 2016-04-12 17:07:09 -0700


Started GET "/assets/application.self-e80e8f2318043e8af94dddc2adad5a4f09739a8ebb323b3ab31cd71d45fd9113.css?body=1" for ::1 at 2016-04-12 17:07:09 -0700


Started GET "/assets/jquery.self-660adc51e0224b731d29f575a6f1ec167ba08ad06ed5deca4f1e8654c135bf4c.js?body=1" for ::1 at 2016-04-12 17:07:09 -0700


Started GET "/assets/blacklight/autofocus.self-75e5bb13fa3c2c53abba6aff56bc53151d7df7aeba68903c788a4958b50a91b9.js?body=1" for ::1 at 2016-04-12 17:07:09 -0700


Started GET "/assets/blacklight/core.self-3c49ab6f09d3836e9a189716de514e1bae33924ccdf01a44a2de9c01b82a5e20.js?body=1" for ::1 at 2016-04-12 17:07:10 -0700


Started GET "/assets/turbolinks.self-c37727e9bd6b2735da5c311aa83fead54ed0be6cc8bd9a65309e9c5abe2cbfff.js?body=1" for ::1 at 2016-04-12 17:07:10 -0700


Started GET "/assets/blacklight/checkbox_submit.self-54e5edc629fe06f0a72e9a5e5f7e981e817cbfbd7e838b5ab89b151223b06864.js?body=1" for ::1 at 2016-04-12 17:07:10 -0700


Started GET "/assets/blacklight/bookmark_toggle.self-ff88a280ef15b005d1f2090e8af286f140854c8b0947d0b7ca8ab737243d302f.js?body=1" for ::1 at 2016-04-12 17:07:10 -0700


Started GET "/assets/blacklight/ajax_modal.self-3544c9b6ed02f0537544f8e37287869c5e71b67be7c7c7ba6546a7f48abb0b81.js?body=1" for ::1 at 2016-04-12 17:07:10 -0700


Started GET "/assets/blacklight/search_context.self-2600a4e7ba05ee0b6c2d892e01920b07ff621fc981e4420fb4c98c771c44ffaa.js?body=1" for ::1 at 2016-04-12 17:07:10 -0700


Started GET "/assets/blacklight/collapsable.self-f2f9aeef9b2220777b5a488628cea6e6541993423d0ef9dd72b7c995834b4591.js?body=1" for ::1 at 2016-04-12 17:07:10 -0700


Started GET "/assets/blacklight/facet_load.self-b9d6d4f2a3a98be6650636a42aa8ec91227b2e0261a8a0b6c2934e869a9627de.js?body=1" for ::1 at 2016-04-12 17:07:10 -0700


Started GET "/assets/blacklight/autocomplete.self-47da2dce02bafa1d32a40b8c2e88c18b7d7c52cfac6541b5f3eeb208877da31d.js?body=1" for ::1 at 2016-04-12 17:07:10 -0700


Started GET "/assets/bootstrap/transition.self-3b268d4cd8c79e46ded7392885f72f64ffb5b0d49948a12b8cf9779f6163e13a.js?body=1" for ::1 at 2016-04-12 17:07:10 -0700


Started GET "/assets/bootstrap/collapse.self-056c40532d9f0f126ec17e839f60c942f573fbd61a086e7f156306e3fc5e8c1f.js?body=1" for ::1 at 2016-04-12 17:07:10 -0700


Started GET "/assets/bootstrap/dropdown.self-e56c2ffee4618411d43ecf15c89273f6223847ad756e1cd17545d04afa732ed4.js?body=1" for ::1 at 2016-04-12 17:07:10 -0700


Started GET "/assets/bootstrap/alert.self-d8b7bd612b3dcfdefb7b5539b9d5848d66ccbd3e7af8bb8d48bfb3288aaa7be8.js?body=1" for ::1 at 2016-04-12 17:07:10 -0700


Started GET "/assets/bootstrap/modal.self-62463080dba6b9d024ff0a3192da0e76eacbc683194f3395047c6f5cfa0acb59.js?body=1" for ::1 at 2016-04-12 17:07:10 -0700


Started GET "/assets/twitter/typeahead/typeahead.bundle.self-7d0ec0be4d31a26122c3f2780527cd624a8bcbd7350f5f5d6cb23a5a51f516ef.js?body=1" for ::1 at 2016-04-12 17:07:10 -0700


Started GET "/assets/twitter/typeahead.self-01ba4719c80b6fe911b091a7c05124b64eeece964e09c058ef8f9805daca546b.js?body=1" for ::1 at 2016-04-12 17:07:10 -0700


Started GET "/assets/blacklight/blacklight.self-e31ad10d3575ebb78ddbd51b884e3c9d3babd3d89cf52711e1279bfcade4ded8.js?body=1" for ::1 at 2016-04-12 17:07:10 -0700


Started GET "/assets/application.self-769e7950f3471853780abdfea7ba47c84b25f0a54a6808e42a96c04ebeb85954.js?body=1" for ::1 at 2016-04-12 17:07:10 -0700


Started GET "/assets/blacklight/logo-e368f4faad4c5310352e175e1fba8220b57aab2e29cbe0f3ca1189a2ef085f9b.png" for ::1 at 2016-04-12 17:07:10 -0700


Started GET "/assets/bootstrap/glyphicons-halflings-regular-a26394f7ede100ca118eff2eda08596275a9839b959c226e15439557a5a80742.woff" for ::1 at 2016-04-12 17:07:10 -0700


Started GET "/catalog/opensearch.xml" for ::1 at 2016-04-12 17:07:10 -0700
Processing by CatalogController#opensearch as XML
  Rendered /Users/gregg/.rvm/gems/ruby-2.3.0/gems/blacklight-6.1.0/app/views/catalog/opensearch.xml.builder (40.5ms)
Completed 200 OK in 44ms (Views: 43.7ms | ActiveRecord: 0.0ms)


Started GET "/" for ::1 at 2016-04-12 17:07:18 -0700
Processing by CatalogController#index as HTML
SPARQL query:
PREFIX nmo: <http://nomisma.org/ontology#>
PREFIX skos: <http://www.w3.org/2004/02/skos/core#>
PREFIX dcterms: <http://purl.org/dc/terms/>


SELECT DISTINCT ?id

WHERE {
  ?id a nmo:Denomination .
  ?id skos:prefLabel ?lab .
  ?id skos:definition ?defn .
?id dcterms:isPartOf ?num .
?num a nmo:FieldOfNumismatics .
?num skos:prefLabel ?num_lab .
  FILTER(langMatches(LANG(?lab), "en"))
  FILTER(langMatches(LANG(?defn), "en"))
  FILTER(langMatches(LANG(?num_lab), "en"))
}
LIMIT 10

SPARQL fetch (4048.7ms)
SPARQL query:
PREFIX nmo: <http://nomisma.org/ontology#>
PREFIX skos: <http://www.w3.org/2004/02/skos/core#>
PREFIX dcterms: <http://purl.org/dc/terms/>


CONSTRUCT {
  ?id a nmo:Denomination .
  ?id skos:prefLabel ?lab .
  ?id skos:definition ?defn .
?id dcterms:isPartOf ?num .
?num a nmo:FieldOfNumismatics .
?num skos:prefLabel ?num_lab .
}

WHERE {
  ?id a nmo:Denomination .
  ?id skos:prefLabel ?lab .
  ?id skos:definition ?defn .
?id dcterms:isPartOf ?num .
?num a nmo:FieldOfNumismatics .
?num skos:prefLabel ?num_lab .
  FILTER(langMatches(LANG(?lab), "en"))
  FILTER(langMatches(LANG(?defn), "en"))
  FILTER(langMatches(LANG(?num_lab), "en"))
  FILTER(?id IN(<http://nomisma.org/id/victoriatus>,<http://nomisma.org/id/unit>,<http://nomisma.org/id/uncia>,<http://nomisma.org/id/twoandahalf-unit>,<http://nomisma.org/id/twoandahalf-stater>,<http://nomisma.org/id/twoandahalf-litra>,<http://nomisma.org/id/twoandahalf-drachm>,<http://nomisma.org/id/twentyfourth-stater>,<http://nomisma.org/id/twentyfourth-shekel>,<http://nomisma.org/id/twentieth-stater>))
}

SPARQL fetch (4200.5ms)
SPARQL query:
PREFIX nmo: <http://nomisma.org/ontology#>
PREFIX skos: <http://www.w3.org/2004/02/skos/core#>
PREFIX dcterms: <http://purl.org/dc/terms/>


SELECT ?num_lab (COUNT(DISTINCT ?id) as ?__count__)
WHERE {
  ?id a nmo:Denomination .
  ?id skos:prefLabel ?lab .
  ?id skos:definition ?defn .
?id dcterms:isPartOf ?num .
?num a nmo:FieldOfNumismatics .
?num skos:prefLabel ?num_lab .
  FILTER(langMatches(LANG(?lab), "en"))
  FILTER(langMatches(LANG(?defn), "en"))
  FILTER(langMatches(LANG(?num_lab), "en"))
}
GROUP BY ?num_lab
ORDER BY ?num_lab

SPARQL fetch (4116.2ms)
Framed JSON_LD: [
  {
    "@id": "http://nomisma.org/id/twentieth-stater",
    "@type": "nmo:Denomination",
    "dcterms:isPartOf": {
      "@id": "http://nomisma.org/id/greek_numismatics",
      "@type": "nmo:FieldOfNumismatics",
      "skos:prefLabel": "Greek Numismatics"
    },
    "skos:definition": "An ancient denomination with the value of 1/20 stater",
    "skos:prefLabel": "1/20 stater"
  },
  {
    "@id": "http://nomisma.org/id/twentyfourth-shekel",
    "@type": "nmo:Denomination",
    "dcterms:isPartOf": {
      "@id": "http://nomisma.org/id/greek_numismatics",
      "@type": "nmo:FieldOfNumismatics",
      "skos:prefLabel": "Greek Numismatics"
    },
    "skos:definition": "An ancient denomination with the value of 1/24 shekel",
    "skos:prefLabel": "1/24 shekel"
  },
  {
    "@id": "http://nomisma.org/id/twentyfourth-stater",
    "@type": "nmo:Denomination",
    "dcterms:isPartOf": {
      "@id": "http://nomisma.org/id/greek_numismatics",
      "@type": "nmo:FieldOfNumismatics",
      "skos:prefLabel": "Greek Numismatics"
    },
    "skos:definition": "An ancient denomination with the value of 1/24 stater",
    "skos:prefLabel": "Quarter hecte"
  },
  {
    "@id": "http://nomisma.org/id/twoandahalf-drachm",
    "@type": "nmo:Denomination",
    "dcterms:isPartOf": {
      "@id": "http://nomisma.org/id/greek_numismatics",
      "@type": "nmo:FieldOfNumismatics",
      "skos:prefLabel": "Greek Numismatics"
    },
    "skos:definition": "An ancient denomination with the value of 2 1/2 drachms",
    "skos:prefLabel": "2 1/2 drachm"
  },
  {
    "@id": "http://nomisma.org/id/twoandahalf-litra",
    "@type": "nmo:Denomination",
    "dcterms:isPartOf": {
      "@id": "http://nomisma.org/id/greek_numismatics",
      "@type": "nmo:FieldOfNumismatics",
      "skos:prefLabel": "Greek Numismatics"
    },
    "skos:definition": "An ancient denomination with the value of 2 1/2 litrai",
    "skos:prefLabel": "2 1/2 litra"
  },
  {
    "@id": "http://nomisma.org/id/twoandahalf-stater",
    "@type": "nmo:Denomination",
    "dcterms:isPartOf": {
      "@id": "http://nomisma.org/id/greek_numismatics",
      "@type": "nmo:FieldOfNumismatics",
      "skos:prefLabel": "Greek Numismatics"
    },
    "skos:definition": "An ancient denomination with the value of 2 1/2 stater",
    "skos:prefLabel": "2 1/2 stater"
  },
  {
    "@id": "http://nomisma.org/id/twoandahalf-unit",
    "@type": "nmo:Denomination",
    "dcterms:isPartOf": {
      "@id": "http://nomisma.org/id/greek_numismatics",
      "@type": "nmo:FieldOfNumismatics",
      "skos:prefLabel": "Greek Numismatics"
    },
    "skos:definition": "An ancient denomination with the value of 2 1/2 units",
    "skos:prefLabel": "2 1/2 unit"
  },
  {
    "@id": "http://nomisma.org/id/uncia",
    "@type": "nmo:Denomination",
    "dcterms:isPartOf": [
      {
        "@id": "http://nomisma.org/id/roman_numismatics",
        "@type": "nmo:FieldOfNumismatics",
        "skos:prefLabel": "Roman Numismatics"
      },
      {
        "@id": "http://nomisma.org/id/greek_numismatics",
        "@type": "nmo:FieldOfNumismatics",
        "skos:prefLabel": "Greek Numismatics"
      }
    ],
    "skos:definition": "An ancient denomination with the value of 1 uncia",
    "skos:prefLabel": "Uncia"
  },
  {
    "@id": "http://nomisma.org/id/unit",
    "@type": "nmo:Denomination",
    "dcterms:isPartOf": {
      "@id": "http://nomisma.org/id/greek_numismatics",
      "@type": "nmo:FieldOfNumismatics",
      "skos:prefLabel": "Greek Numismatics"
    },
    "skos:definition": "An ancient denomination with the value of 1 unit",
    "skos:prefLabel": "Unit"
  },
  {
    "@id": "http://nomisma.org/id/victoriatus",
    "@type": "nmo:Denomination",
    "dcterms:isPartOf": [
      {
        "@id": "http://nomisma.org/id/roman_numismatics",
        "@type": "nmo:FieldOfNumismatics",
        "skos:prefLabel": "Roman Numismatics"
      },
      {
        "@id": "http://nomisma.org/id/greek_numismatics",
        "@type": "nmo:FieldOfNumismatics",
        "skos:prefLabel": "Greek Numismatics"
      }
    ],
    "skos:definition": "An ancient denomination of uncertain value that derives its name from the reverse type",
    "skos:prefLabel": "Victoriatus"
  }
]
  Rendered /Users/gregg/.rvm/gems/ruby-2.3.0/gems/blacklight-6.1.0/app/views/catalog/_facet_limit.html.erb (6.0ms)
  Rendered /Users/gregg/.rvm/gems/ruby-2.3.0/gems/blacklight-6.1.0/app/views/catalog/_facets.html.erb (8.3ms)
  Rendered /Users/gregg/.rvm/gems/ruby-2.3.0/gems/blacklight-6.1.0/app/views/catalog/_search_sidebar.html.erb (10.3ms)
  Rendered /Users/gregg/.rvm/gems/ruby-2.3.0/gems/blacklight-6.1.0/app/views/catalog/_home_text.html.erb (0.5ms)
  Rendered /Users/gregg/.rvm/gems/ruby-2.3.0/gems/blacklight-6.1.0/app/views/catalog/_home.html.erb (2.9ms)
  Rendered /Users/gregg/.rvm/gems/ruby-2.3.0/gems/blacklight-6.1.0/app/views/shared/_sitelinks_search_box.html.erb (0.4ms)
  Rendered /Users/gregg/.rvm/gems/ruby-2.3.0/gems/blacklight-6.1.0/app/views/catalog/index.html.erb within layouts/blacklight (20.1ms)
  Rendered /Users/gregg/.rvm/gems/ruby-2.3.0/gems/blacklight-6.1.0/app/views/blacklight/nav/_search_history.html.erb (0.2ms)
  Rendered /Users/gregg/.rvm/gems/ruby-2.3.0/gems/blacklight-6.1.0/app/views/_user_util_links.html.erb (3.0ms)
  Rendered /Users/gregg/.rvm/gems/ruby-2.3.0/gems/blacklight-6.1.0/app/views/catalog/_search_form.html.erb (1.2ms)
  Rendered /Users/gregg/.rvm/gems/ruby-2.3.0/gems/blacklight-6.1.0/app/views/shared/_header_navbar.html.erb (9.2ms)
  Rendered /Users/gregg/.rvm/gems/ruby-2.3.0/gems/blacklight-6.1.0/app/views/shared/_ajax_modal.html.erb (0.0ms)
  Rendered /Users/gregg/.rvm/gems/ruby-2.3.0/gems/blacklight-6.1.0/app/views/_flash_msg.html.erb (2.4ms)
  Rendered /Users/gregg/.rvm/gems/ruby-2.3.0/gems/blacklight-6.1.0/app/views/shared/_footer.html.erb (0.0ms)
Completed 200 OK in 16545ms (Views: 107.5ms | ActiveRecord: 0.0ms)


Started GET "/?f%5Bnum_label%5D%5B%5D=Greek+Numismatics" for ::1 at 2016-04-12 17:15:21 -0700
  [1m[36mActiveRecord::SchemaMigration Load (0.1ms)[0m  [1mSELECT "schema_migrations".* FROM "schema_migrations"[0m
Processing by CatalogController#index as HTML
  Parameters: {"f"=>{"num_label"=>["Greek Numismatics"]}}
  [1m[35mSearch Load (0.1ms)[0m  SELECT "searches".* FROM "searches" WHERE "searches"."id" = 3  ORDER BY updated_at desc
  [1m[36m (0.1ms)[0m  [1mbegin transaction[0m
  [1m[35mSQL (0.4ms)[0m  INSERT INTO "searches" ("query_params", "created_at", "updated_at") VALUES (?, ?, ?)  [["query_params", "--- !ruby/hash:ActiveSupport::HashWithIndifferentAccess\nf: !ruby/hash:ActiveSupport::HashWithIndifferentAccess\n  num_label:\n  - Greek Numismatics\ncontroller: catalog\naction: index\n"], ["created_at", "2016-04-13 00:15:22.013582"], ["updated_at", "2016-04-13 00:15:22.013582"]]
  [1m[36m (48.3ms)[0m  [1mcommit transaction[0m
SPARQL query:
PREFIX nmo: <http://nomisma.org/ontology#>
PREFIX skos: <http://www.w3.org/2004/02/skos/core#>
PREFIX dcterms: <http://purl.org/dc/terms/>


SELECT DISTINCT ?id

WHERE {
  ?id a nmo:Denomination .
  ?id skos:prefLabel ?lab .
  ?id skos:definition ?defn .
?id dcterms:isPartOf ?num .
?num a nmo:FieldOfNumismatics .
?num skos:prefLabel ?num_lab .
  FILTER(langMatches(LANG(?lab), "en"))
  FILTER(langMatches(LANG(?defn), "en"))
  FILTER(langMatches(LANG(?num_lab), "en"))
  FILTER(STR(?num_lab) = "Greek Numismatics")
}
LIMIT 10

SPARQL fetch (4081.2ms)
SPARQL query:
PREFIX nmo: <http://nomisma.org/ontology#>
PREFIX skos: <http://www.w3.org/2004/02/skos/core#>
PREFIX dcterms: <http://purl.org/dc/terms/>


CONSTRUCT {
  ?id a nmo:Denomination .
  ?id skos:prefLabel ?lab .
  ?id skos:definition ?defn .
?id dcterms:isPartOf ?num .
?num a nmo:FieldOfNumismatics .
?num skos:prefLabel ?num_lab .
}

WHERE {
  ?id a nmo:Denomination .
  ?id skos:prefLabel ?lab .
  ?id skos:definition ?defn .
?id dcterms:isPartOf ?num .
?num a nmo:FieldOfNumismatics .
?num skos:prefLabel ?num_lab .
  FILTER(langMatches(LANG(?lab), "en"))
  FILTER(langMatches(LANG(?defn), "en"))
  FILTER(langMatches(LANG(?num_lab), "en"))
  FILTER(STR(?num_lab) = "Greek Numismatics")
  FILTER(?id IN(<http://nomisma.org/id/victoriatus>,<http://nomisma.org/id/unit>,<http://nomisma.org/id/uncia>,<http://nomisma.org/id/twoandahalf-unit>,<http://nomisma.org/id/twoandahalf-stater>,<http://nomisma.org/id/twoandahalf-litra>,<http://nomisma.org/id/twoandahalf-drachm>,<http://nomisma.org/id/twentyfourth-stater>,<http://nomisma.org/id/twentyfourth-shekel>,<http://nomisma.org/id/twentieth-stater>))
}

SPARQL fetch (4183.0ms)
SPARQL query:
PREFIX nmo: <http://nomisma.org/ontology#>
PREFIX skos: <http://www.w3.org/2004/02/skos/core#>
PREFIX dcterms: <http://purl.org/dc/terms/>


SELECT ?num_lab (COUNT(DISTINCT ?id) as ?__count__)
WHERE {
  ?id a nmo:Denomination .
  ?id skos:prefLabel ?lab .
  ?id skos:definition ?defn .
?id dcterms:isPartOf ?num .
?num a nmo:FieldOfNumismatics .
?num skos:prefLabel ?num_lab .
  FILTER(langMatches(LANG(?lab), "en"))
  FILTER(langMatches(LANG(?defn), "en"))
  FILTER(langMatches(LANG(?num_lab), "en"))
  FILTER(STR(?num_lab) = "Greek Numismatics")
}
GROUP BY ?num_lab
ORDER BY ?num_lab

SPARQL fetch (4096.5ms)
Framed JSON_LD: [
  {
    "@id": "http://nomisma.org/id/twentieth-stater",
    "@type": "nmo:Denomination",
    "dcterms:isPartOf": {
      "@id": "http://nomisma.org/id/greek_numismatics",
      "@type": "nmo:FieldOfNumismatics",
      "skos:prefLabel": "Greek Numismatics"
    },
    "skos:definition": "An ancient denomination with the value of 1/20 stater",
    "skos:prefLabel": "1/20 stater"
  },
  {
    "@id": "http://nomisma.org/id/twentyfourth-shekel",
    "@type": "nmo:Denomination",
    "dcterms:isPartOf": {
      "@id": "http://nomisma.org/id/greek_numismatics",
      "@type": "nmo:FieldOfNumismatics",
      "skos:prefLabel": "Greek Numismatics"
    },
    "skos:definition": "An ancient denomination with the value of 1/24 shekel",
    "skos:prefLabel": "1/24 shekel"
  },
  {
    "@id": "http://nomisma.org/id/twentyfourth-stater",
    "@type": "nmo:Denomination",
    "dcterms:isPartOf": {
      "@id": "http://nomisma.org/id/greek_numismatics",
      "@type": "nmo:FieldOfNumismatics",
      "skos:prefLabel": "Greek Numismatics"
    },
    "skos:definition": "An ancient denomination with the value of 1/24 stater",
    "skos:prefLabel": "Quarter hecte"
  },
  {
    "@id": "http://nomisma.org/id/twoandahalf-drachm",
    "@type": "nmo:Denomination",
    "dcterms:isPartOf": {
      "@id": "http://nomisma.org/id/greek_numismatics",
      "@type": "nmo:FieldOfNumismatics",
      "skos:prefLabel": "Greek Numismatics"
    },
    "skos:definition": "An ancient denomination with the value of 2 1/2 drachms",
    "skos:prefLabel": "2 1/2 drachm"
  },
  {
    "@id": "http://nomisma.org/id/twoandahalf-litra",
    "@type": "nmo:Denomination",
    "dcterms:isPartOf": {
      "@id": "http://nomisma.org/id/greek_numismatics",
      "@type": "nmo:FieldOfNumismatics",
      "skos:prefLabel": "Greek Numismatics"
    },
    "skos:definition": "An ancient denomination with the value of 2 1/2 litrai",
    "skos:prefLabel": "2 1/2 litra"
  },
  {
    "@id": "http://nomisma.org/id/twoandahalf-stater",
    "@type": "nmo:Denomination",
    "dcterms:isPartOf": {
      "@id": "http://nomisma.org/id/greek_numismatics",
      "@type": "nmo:FieldOfNumismatics",
      "skos:prefLabel": "Greek Numismatics"
    },
    "skos:definition": "An ancient denomination with the value of 2 1/2 stater",
    "skos:prefLabel": "2 1/2 stater"
  },
  {
    "@id": "http://nomisma.org/id/twoandahalf-unit",
    "@type": "nmo:Denomination",
    "dcterms:isPartOf": {
      "@id": "http://nomisma.org/id/greek_numismatics",
      "@type": "nmo:FieldOfNumismatics",
      "skos:prefLabel": "Greek Numismatics"
    },
    "skos:definition": "An ancient denomination with the value of 2 1/2 units",
    "skos:prefLabel": "2 1/2 unit"
  },
  {
    "@id": "http://nomisma.org/id/uncia",
    "@type": "nmo:Denomination",
    "dcterms:isPartOf": {
      "@id": "http://nomisma.org/id/greek_numismatics",
      "@type": "nmo:FieldOfNumismatics",
      "skos:prefLabel": "Greek Numismatics"
    },
    "skos:definition": "An ancient denomination with the value of 1 uncia",
    "skos:prefLabel": "Uncia"
  },
  {
    "@id": "http://nomisma.org/id/unit",
    "@type": "nmo:Denomination",
    "dcterms:isPartOf": {
      "@id": "http://nomisma.org/id/greek_numismatics",
      "@type": "nmo:FieldOfNumismatics",
      "skos:prefLabel": "Greek Numismatics"
    },
    "skos:definition": "An ancient denomination with the value of 1 unit",
    "skos:prefLabel": "Unit"
  },
  {
    "@id": "http://nomisma.org/id/victoriatus",
    "@type": "nmo:Denomination",
    "dcterms:isPartOf": {
      "@id": "http://nomisma.org/id/greek_numismatics",
      "@type": "nmo:FieldOfNumismatics",
      "skos:prefLabel": "Greek Numismatics"
    },
    "skos:definition": "An ancient denomination of uncertain value that derives its name from the reverse type",
    "skos:prefLabel": "Victoriatus"
  }
]
  Rendered /Users/gregg/.rvm/gems/ruby-2.3.0/gems/blacklight-6.1.0/app/views/catalog/_facet_limit.html.erb (94.6ms)
  Rendered /Users/gregg/.rvm/gems/ruby-2.3.0/gems/blacklight-6.1.0/app/views/catalog/_facets.html.erb (118.5ms)
  Rendered /Users/gregg/.rvm/gems/ruby-2.3.0/gems/blacklight-6.1.0/app/views/catalog/_search_sidebar.html.erb (120.7ms)
  Rendered /Users/gregg/.rvm/gems/ruby-2.3.0/gems/blacklight-6.1.0/app/views/catalog/_opensearch_response_metadata.html.erb (0.4ms)
  Rendered /Users/gregg/.rvm/gems/ruby-2.3.0/gems/blacklight-6.1.0/app/views/catalog/_did_you_mean.html.erb (0.3ms)
  Rendered /Users/gregg/.rvm/gems/ruby-2.3.0/gems/blacklight-6.1.0/app/views/catalog/_constraints_element.html.erb (0.8ms)
  Rendered /Users/gregg/.rvm/gems/ruby-2.3.0/gems/blacklight-6.1.0/app/views/catalog/_constraints.html.erb (4.7ms)
  Rendered /Users/gregg/.rvm/gems/ruby-2.3.0/gems/blacklight-6.1.0/app/views/catalog/_paginate_compact.html.erb (9.5ms)
  Rendered /Users/gregg/.rvm/gems/ruby-2.3.0/gems/blacklight-6.1.0/app/views/catalog/_sort_widget.html.erb (1.5ms)
  Rendered /Users/gregg/.rvm/gems/ruby-2.3.0/gems/blacklight-6.1.0/app/views/catalog/_per_page_widget.html.erb (2.0ms)
  Rendered /Users/gregg/.rvm/gems/ruby-2.3.0/gems/blacklight-6.1.0/app/views/catalog/_view_type_group.html.erb (0.6ms)
  Rendered /Users/gregg/.rvm/gems/ruby-2.3.0/gems/blacklight-6.1.0/app/views/catalog/_sort_and_per_page.html.erb (22.6ms)
  Rendered /Users/gregg/.rvm/gems/ruby-2.3.0/gems/blacklight-6.1.0/app/views/catalog/_search_header.html.erb (34.1ms)
Looking for document index partial document_list
Looking for document partial index_header_list_default
Looking for document partial index_header_list_default
Looking for document partial index_header_default
Looking for document partial thumbnail_list_default
Looking for document partial thumbnail_list_default
Looking for document partial thumbnail_default
Looking for document partial index_list_default
Looking for document partial index_list_default
Looking for document partial index_default
  Rendered /Users/gregg/.rvm/gems/ruby-2.3.0/gems/blacklight-6.1.0/app/views/catalog/_document.html.erb (145.7ms)
  Rendered /Users/gregg/.rvm/gems/ruby-2.3.0/gems/blacklight-6.1.0/app/views/catalog/_results_pagination.html.erb (29.8ms)
  Rendered /Users/gregg/.rvm/gems/ruby-2.3.0/gems/blacklight-6.1.0/app/views/catalog/_search_results.html.erb (223.7ms)
  Rendered /Users/gregg/.rvm/gems/ruby-2.3.0/gems/blacklight-6.1.0/app/views/catalog/index.html.erb within layouts/blacklight (351.9ms)
  Rendered /Users/gregg/.rvm/gems/ruby-2.3.0/gems/blacklight-6.1.0/app/views/blacklight/nav/_search_history.html.erb (1.7ms)
  Rendered /Users/gregg/.rvm/gems/ruby-2.3.0/gems/blacklight-6.1.0/app/views/_user_util_links.html.erb (5.0ms)
  Rendered /Users/gregg/.rvm/gems/ruby-2.3.0/gems/blacklight-6.1.0/app/views/catalog/_search_form.html.erb (1.7ms)
  Rendered /Users/gregg/.rvm/gems/ruby-2.3.0/gems/blacklight-6.1.0/app/views/shared/_header_navbar.html.erb (13.1ms)
  Rendered /Users/gregg/.rvm/gems/ruby-2.3.0/gems/blacklight-6.1.0/app/views/shared/_ajax_modal.html.erb (0.2ms)
  Rendered /Users/gregg/.rvm/gems/ruby-2.3.0/gems/blacklight-6.1.0/app/views/_flash_msg.html.erb (2.5ms)
  Rendered /Users/gregg/.rvm/gems/ruby-2.3.0/gems/blacklight-6.1.0/app/views/shared/_footer.html.erb (0.2ms)
Completed 200 OK in 17597ms (Views: 792.4ms | ActiveRecord: 49.3ms)
